Loaded dependency [python3/3.11.0]: gcc/11.3.0-binutils-2.38
Loaded module: python3/3.11.0

Loading python3/3.11.0
  Loading requirement: gcc/11.3.0-binutils-2.38
Loaded module: studio/12u6
Loaded module: mpi/3.1.3-oracle-12u6

         CALL RANDOM_SEED(SIZE=seedsize)
                               ^         
"pi_mpi.f90", Line = 19, Column = 32: ERROR: IMPLICIT NONE is specified in the local scope, therefore an explicit type must be specified for data object "SEEDSIZE".

         ALLOCATE(seed(seedsize))
                       ^          
"pi_mpi.f90", Line = 20, Column = 24: ERROR: The upper or lower bound of a dimension in an allocate object must be a scalar integer expression.

            IF (NORM2(rand) .LE. 1.0_MK) then
                ^                             
"pi_mpi.f90", Line = 31, Column = 17: ERROR: IMPLICIT NONE is specified in the local scope, therefore an explicit type must be specified for function "NORM2".

f90comp: 76 SOURCE LINES
f90comp: 3 ERRORS, 0 WARNINGS, 0 OTHER MESSAGES, 0 ANSI
--------------------------------------------------------------------------
mpirun was unable to launch the specified application as it could not access
or execute an executable:

Executable: ./pi_mpi
Node: n-62-29-15

while attempting to start process rank 0.
--------------------------------------------------------------------------
2 total processes failed to start
