Loaded dependency [python3/3.11.0]: gcc/11.3.0-binutils-2.38
Loaded module: python3/3.11.0

Loading python3/3.11.0
  Loading requirement: gcc/11.3.0-binutils-2.38
/bin/bash: b: command not found

------------------------------------------------------------
Sender: LSF System <lsfadmin@hpc.dtu.dk>
Subject: Job 15209388: <NONAME> in cluster <dcc> Exited

Job <NONAME> was submitted from host <hpclogin1> by user <podabb> in cluster <dcc> at Wed Jan 18 18:15:18 2023
Job was executed on host(s) <n-62-31-1>, in queue <hpc>, as user <podabb> in cluster <dcc> at Wed Jan 18 18:15:19 2023
</zhome/6d/0/188663> was used as the home directory.
</zhome/6d/0/188663/hpc_fortran_course/HPCCourse/Week3/ExcerciseDay13> was used as the working directory.
Started at Wed Jan 18 18:15:19 2023
Terminated at Wed Jan 18 18:15:19 2023
Results reported at Wed Jan 18 18:15:19 2023

Your job looked like:

------------------------------------------------------------
# LSBATCH: User input
b
------------------------------------------------------------

Exited with exit code 127.

Resource usage summary:

    CPU time :                                   0.37 sec.
    Max Memory :                                 -
    Average Memory :                             -
    Total Requested Memory :                     1024.00 MB
    Delta Memory :                               -
    Max Swap :                                   -
    Max Processes :                              -
    Max Threads :                                -
    Run time :                                   64 sec.
    Turnaround time :                            1 sec.

The output (if any) is above this job summary.

