Loaded dependency [python3/3.11.0]: gcc/11.3.0-binutils-2.38
Loaded module: python3/3.11.0

Loading python3/3.11.0
  Loading requirement: gcc/11.3.0-binutils-2.38
Loaded module: studio/12u6
Loaded module: mpi/3.1.3-oracle-12u6
 so far so good 3.204 24000
 scatterrrr
 scatterrrr
 scatterrrr
 scatterrrr
 scatterrrr
 scatterrrr
 scatterrrr
 scatterrrr
 scatterrrr
 scatterrrr
 scatterrrr
 scatterrrr
 scatterrrr
 scatterrrr
 scatterrrr
 scatterrrr
 scatterrrr
 scatterrrr
 scatterrrr
 scatterrrr
 scatterrrr
 scatterrrr
 scatterrrr
 scatterrrr
User defined signal 2
mpirun: Forwarding signal 12 to job
mpirun: Forwarding signal 12 to job
--------------------------------------------------------------------------
Primary job  terminated normally, but 1 process returned
a non-zero exit code. Per user-direction, the job has been aborted.
--------------------------------------------------------------------------
--------------------------------------------------------------------------
mpirun noticed that process rank 20 with PID 0 on node n-62-11-67 exited on signal 12 (User defined signal 2).
--------------------------------------------------------------------------
