Loaded dependency [python3/3.11.0]: gcc/11.3.0-binutils-2.38
Loaded module: python3/3.11.0

Loading python3/3.11.0
  Loading requirement: gcc/11.3.0-binutils-2.38
Loaded module: studio/12u6
Loaded module: mpi/3.1.3-oracle-12u6
[n-62-21-92:01942] Read -1, expected 67076096, errno = 14
[n-62-21-92:01943] *** Process received signal ***
[n-62-21-92:01943] Signal: Segmentation fault (11)
[n-62-21-92:01943] Signal code: Invalid permissions (2)
[n-62-21-92:01943] Failing at address: 0x7f977e00a000
[n-62-21-92:01943] [ 0] /lib64/libpthread.so.0(+0xf630)[0x7f9794df7630]
[n-62-21-92:01943] [ 1] /lib64/libc.so.6(+0x15650f)[0x7f979486e50f]
[n-62-21-92:01943] [ 2] /appl/oracle/12u6/openmpi/3.1.3-lsf10/lib/openmpi/mca_btl_vader.so(+0x2ff5)[0x7f9780906ff5]
[n-62-21-92:01943] [ 3] /appl/oracle/12u6/openmpi/3.1.3-lsf10/lib/openmpi/mca_pml_ob1.so(+0x18443)[0x7f977fce3443]
[n-62-21-92:01943] [ 4] /appl/oracle/12u6/openmpi/3.1.3-lsf10/lib/openmpi/mca_pml_ob1.so(mca_pml_ob1_send_request_schedule_once+0x1b1)[0x7f977fce5741]
[n-62-21-92:01943] [ 5] /appl/oracle/12u6/openmpi/3.1.3-lsf10/lib/openmpi/mca_pml_ob1.so(+0x18ce0)[0x7f977fce3ce0]
[n-62-21-92:01943] [ 6] /appl/oracle/12u6/openmpi/3.1.3-lsf10/lib/openmpi/mca_pml_ob1.so(mca_pml_ob1_send_request_process_pending+0x7c)[0x7f977fce3f3c]
[n-62-21-92:01943] [ 7] /appl/oracle/12u6/openmpi/3.1.3-lsf10/lib/openmpi/mca_pml_ob1.so(+0x19791)[0x7f977fce4791]
[n-62-21-92:01943] [ 8] /appl/oracle/12u6/openmpi/3.1.3-lsf10/lib/openmpi/mca_btl_vader.so(+0x39d2)[0x7f97809079d2]
[n-62-21-92:01943] [ 9] /appl/oracle/12u6/openmpi/3.1.3-lsf10/lib/openmpi/mca_btl_vader.so(mca_btl_vader_poll_handle_frag+0x192)[0x7f9780909622]
[n-62-21-92:01943] [10] /appl/oracle/12u6/openmpi/3.1.3-lsf10/lib/openmpi/mca_btl_vader.so(+0x566f)[0x7f978090966f]
[n-62-21-92:01943] [11] /appl/oracle/12u6/openmpi/3.1.3-lsf10/lib/openmpi/mca_btl_vader.so(+0x58f5)[0x7f97809098f5]
[n-62-21-92:01943] [12] /appl/oracle/12u6/openmpi/3.1.3-lsf10/lib/libopen-pal.so.40(opal_progress+0x47)[0x7f9794440027]
[n-62-21-92:01943] [13] /appl/oracle/12u6/openmpi/3.1.3-lsf10/lib/openmpi/mca_pml_ob1.so(+0xb965)[0x7f977fcd6965]
[n-62-21-92:01943] [14] /appl/oracle/12u6/openmpi/3.1.3-lsf10/lib/openmpi/mca_pml_ob1.so(mca_pml_ob1_send+0x2cd)[0x7f977fcd81fd]
[n-62-21-92:01943] [15] /appl/oracle/12u6/openmpi/3.1.3-lsf10/lib/libmpi.so.40(MPI_Send+0x160)[0x7f979656d5e0]
[n-62-21-92:01943] [16] /appl/oracle/12u6/openmpi/3.1.3-lsf10/lib/libmpi_mpifh.so.40(MPI_Send_f08+0x5c)[0x7f979690c43c]
[n-62-21-92:01943] [17] ./Diffusion[0x4071fd]
[n-62-21-92:01943] [18] ./Diffusion[0x40520f]
[n-62-21-92:01943] [19] /lib64/libc.so.6(__libc_start_main+0xf5)[0x7f979473a555]
[n-62-21-92:01943] [20] ./Diffusion[0x4013a2]
[n-62-21-92:01943] *** End of error message ***
--------------------------------------------------------------------------
Primary job  terminated normally, but 1 process returned
a non-zero exit code. Per user-direction, the job has been aborted.
--------------------------------------------------------------------------
--------------------------------------------------------------------------
mpirun noticed that process rank 1 with PID 0 on node n-62-21-92 exited on signal 11 (Segmentation fault).
--------------------------------------------------------------------------
