rm -f __*.f90
rm -f __*.f90
rm -f m_Diffusion_precision.o m_Diffusion_MPI.o m_Diffusion.o m_Diffusion_copy.o m_Diffusion_write.o m_Diffusion_alloc.o m_Diffusion_bc.o m_Diffusion_init.o m_Diffusion_diagnostics.o m_Diffusion_parse_params.o Diffusion.o
rm -f *.lst
rm -f *.mod
rm -f src/*/*.mod
rm -f *.l
rm -f *.L
rm -f *.daty
rm -rf alloc_data_bkp/*
rm -f Diffusion
rm -f *.o
mpif90 -O3 -free   -c src/m_Diffusion_precision.f90
mpif90 -O3 -free   -c src/m_Diffusion_MPI.f90
mpif90 -O3 -free   -c src/m_Diffusion.f90
mpif90 -O3 -free   -c src/m_Diffusion_copy.f90
mpif90 -O3 -free   -c src/m_Diffusion_write.f90
mpif90 -O3 -free   -c src/m_Diffusion_alloc.f90
mpif90 -O3 -free   -c src/m_Diffusion_bc.f90
mpif90 -O3 -free   -c src/m_Diffusion_init.f90
mpif90 -O3 -free   -c src/m_Diffusion_diagnostics.f90
mpif90 -O3 -free   -c src/m_Diffusion_parse_params.f90
mpif90 -O3 -free   -c src/Diffusion.f90
mpif90 -o Diffusion  m_Diffusion_precision.o m_Diffusion_MPI.o m_Diffusion.o m_Diffusion_copy.o m_Diffusion_write.o m_Diffusion_alloc.o m_Diffusion_bc.o m_Diffusion_init.o m_Diffusion_diagnostics.o m_Diffusion_parse_params.o Diffusion.o 
