Architecture:          x86_64
CPU op-mode(s):        32-bit, 64-bit
Byte Order:            Little Endian
CPU(s):                24
On-line CPU(s) list:   0-23
Thread(s) per core:    1
Core(s) per socket:    12
Socket(s):             2
NUMA node(s):          2
Vendor ID:             GenuineIntel
CPU family:            6
Model:                 79
Model name:            Intel(R) Xeon(R) CPU E5-2650 v4 @ 2.20GHz
Stepping:              1
CPU MHz:               2499.975
CPU max MHz:           2900.0000
CPU min MHz:           1200.0000
BogoMIPS:              4389.78
Virtualization:        VT-x
L1d cache:             32K
L1i cache:             32K
L2 cache:              256K
L3 cache:              30720K
NUMA node0 CPU(s):     0-11
NUMA node1 CPU(s):     12-23
Flags:                 fpu vme de pse tsc msr pae mce cx8 apic sep mtrr pge mca cmov pat pse36 clflush dts acpi mmx fxsr sse sse2 ss ht tm pbe syscall nx pdpe1gb rdtscp lm constant_tsc arch_perfmon pebs bts rep_good nopl xtopology nonstop_tsc aperfmperf eagerfpu pni pclmulqdq dtes64 ds_cpl vmx smx est tm2 ssse3 sdbg fma cx16 xtpr pdcm pcid dca sse4_1 sse4_2 x2apic movbe popcnt tsc_deadline_timer aes xsave avx f16c rdrand lahf_lm abm 3dnowprefetch epb cat_l3 cdp_l3 invpcid_single intel_ppin ssbd rsb_ctxsw ibrs ibpb stibp tpr_shadow vnmi flexpriority ept vpid fsgsbase tsc_adjust bmi1 hle avx2 smep bmi2 erms invpcid rtm cqm rdt_a rdseed adx smap intel_pt xsaveopt cqm_llc cqm_occup_llc cqm_mbm_total cqm_mbm_local dtherm ida arat pln pts md_clear spec_ctrl intel_stibp flush_l1d
rm -f __*.f90
rm -f __*.f90
rm -f m_Diffusion_precision.o m_Diffusion.o m_Diffusion_copy.o m_Diffusion_write.o m_Diffusion_alloc.o m_Diffusion_bc.o m_Diffusion_init.o m_Diffusion_diagnostics.o m_Diffusion_parse_params.o Diffusion.o
rm -f *.lst
rm -f *.mod
rm -f src/*/*.mod
rm -f *.l
rm -f *.L
rm -f *.daty
rm -rf alloc_data_bkp/*
rm -f Diffusion
rm -f *.o
gfortran -O3 -ffree-form   -c src/sequential/m_Diffusion_precision.f90
gfortran -O3 -ffree-form   -c src/sequential/m_Diffusion.f90
gfortran -O3 -ffree-form   -c src/sequential/m_Diffusion_copy.f90
gfortran -O3 -ffree-form   -c src/sequential/m_Diffusion_write.f90
gfortran -O3 -ffree-form   -c src/sequential/m_Diffusion_alloc.f90
gfortran -O3 -ffree-form   -c src/sequential/m_Diffusion_bc.f90
gfortran -O3 -ffree-form   -c src/sequential/m_Diffusion_init.f90
gfortran -O3 -ffree-form   -c src/sequential/m_Diffusion_diagnostics.f90
gfortran -O3 -ffree-form   -c src/sequential/m_Diffusion_parse_params.f90
gfortran -O3 -ffree-form   -c src/sequential/Diffusion.f90
gfortran -o Diffusion  m_Diffusion_precision.o m_Diffusion.o m_Diffusion_copy.o m_Diffusion_write.o m_Diffusion_alloc.o m_Diffusion_bc.o m_Diffusion_init.o m_Diffusion_diagnostics.o m_Diffusion_parse_params.o Diffusion.o 
 Program Diffusion started at 20230122-173724.159
rm -f __*.f90
rm -f __*.f90
rm -f m_Diffusion_precision.o m_Diffusion_MPI.o m_Diffusion.o m_Diffusion_copy.o m_Diffusion_write.o m_Diffusion_alloc.o m_Diffusion_bc.o m_Diffusion_init.o m_Diffusion_diagnostics.o m_Diffusion_parse_params.o Diffusion.o
rm -f *.lst
rm -f *.mod
rm -f src/*/*.mod
rm -f *.l
rm -f *.L
rm -f *.daty
rm -rf alloc_data_bkp/*
rm -f Diffusion
rm -f *.o
mpif90 -O3 -free   -c src/mpi/m_Diffusion_precision.f90
mpif90 -O3 -free   -c src/mpi/m_Diffusion_MPI.f90
mpif90 -O3 -free   -c src/mpi/m_Diffusion.f90
mpif90 -O3 -free   -c src/mpi/m_Diffusion_copy.f90
mpif90 -O3 -free   -c src/mpi/m_Diffusion_write.f90
mpif90 -O3 -free   -c src/mpi/m_Diffusion_alloc.f90
mpif90 -O3 -free   -c src/mpi/m_Diffusion_bc.f90
mpif90 -O3 -free   -c src/mpi/m_Diffusion_init.f90
mpif90 -O3 -free   -c src/mpi/m_Diffusion_diagnostics.f90
mpif90 -O3 -free   -c src/mpi/m_Diffusion_parse_params.f90
mpif90 -O3 -free   -c src/mpi/Diffusion.f90
mpif90 -o Diffusion  m_Diffusion_precision.o m_Diffusion_MPI.o m_Diffusion.o m_Diffusion_copy.o m_Diffusion_write.o m_Diffusion_alloc.o m_Diffusion_bc.o m_Diffusion_init.o m_Diffusion_diagnostics.o m_Diffusion_parse_params.o Diffusion.o 

------------------------------------------------------------
Sender: LSF System <lsfadmin@hpc.dtu.dk>
Subject: Job 15233133: <My_job> in cluster <dcc> Done

Job <My_job> was submitted from host <hpclogin1> by user <podabb> in cluster <dcc> at Sun Jan 22 17:37:19 2023
Job was executed on host(s) <8*n-62-21-92>, in queue <hpc>, as user <podabb> in cluster <dcc> at Sun Jan 22 17:37:21 2023
</zhome/6d/0/188663> was used as the home directory.
</zhome/6d/0/188663/hpc_fortran_course/HPCCourse/Week3/ExcerciseDay14> was used as the working directory.
Started at Sun Jan 22 17:37:21 2023
Terminated at Sun Jan 22 17:42:18 2023
Results reported at Sun Jan 22 17:42:18 2023

Your job looked like:

------------------------------------------------------------
# LSBATCH: User input
#!/bin/bash

# https://www.hpc.dtu.dk/?page_id=1416
#BSUB -q hpc
# use the same CPU model as the hpcintro queue
#BSUB -R "select[model == XeonE5_2650v4]"
#BSUB -J My_job
# ask for 24 cores (a full node)
#BSUB -n 8
#BSUB -R "span[hosts=1]"
##BSUB -R "span[ptile=1]"
#BSUB -R "rusage[mem=2GB]"
#BSUB -W 180
#BSUB -o Output_%J.out
#BSUB -e Error_%J.err

# module load gcc/11.3.0-binutils-2.38
#module add mpi/4.1.4-gcc-11.3.0-binutils-2.38
module add studio
module add mpi/3.1.3-oracle-12u6
lscpu

#Sequential

cat > sample_input.txt <<- END

Nt = 1000
Nx = 4096
Ny = 4096
D = 1.0
Dt = 1E-8
vb = .FALSE.

END

make -f Makefile.sequential new
./Diffusion sequential_details.txt


#MPI
make new

for num_cores in 2 4 8
do
cat > sample_input.txt <<- END

Nt = 1000
Nx = 4096
Ny = 4096
D = 1.0

(... more ...)
------------------------------------------------------------

Successfully completed.

Resource usage summary:

    CPU time :                                   628.00 sec.
    Max Memory :                                 425 MB
    Average Memory :                             342.50 MB
    Total Requested Memory :                     16384.00 MB
    Delta Memory :                               15959.00 MB
    Max Swap :                                   4 MB
    Max Processes :                              8
    Max Threads :                                21
    Run time :                                   413 sec.
    Turnaround time :                            299 sec.

The output (if any) is above this job summary.



PS:

Read file <Error_15233133.err> for stderr output of this job.

