Architecture:          x86_64
CPU op-mode(s):        32-bit, 64-bit
Byte Order:            Little Endian
CPU(s):                24
On-line CPU(s) list:   0-23
Thread(s) per core:    1
Core(s) per socket:    12
Socket(s):             2
NUMA node(s):          2
Vendor ID:             GenuineIntel
CPU family:            6
Model:                 79
Model name:            Intel(R) Xeon(R) CPU E5-2650 v4 @ 2.20GHz
Stepping:              1
CPU MHz:               2499.975
CPU max MHz:           2900.0000
CPU min MHz:           1200.0000
BogoMIPS:              4390.22
Virtualization:        VT-x
L1d cache:             32K
L1i cache:             32K
L2 cache:              256K
L3 cache:              30720K
NUMA node0 CPU(s):     0-11
NUMA node1 CPU(s):     12-23
Flags:                 fpu vme de pse tsc msr pae mce cx8 apic sep mtrr pge mca cmov pat pse36 clflush dts acpi mmx fxsr sse sse2 ss ht tm pbe syscall nx pdpe1gb rdtscp lm constant_tsc arch_perfmon pebs bts rep_good nopl xtopology nonstop_tsc aperfmperf eagerfpu pni pclmulqdq dtes64 ds_cpl vmx smx est tm2 ssse3 sdbg fma cx16 xtpr pdcm pcid dca sse4_1 sse4_2 x2apic movbe popcnt tsc_deadline_timer aes xsave avx f16c rdrand lahf_lm abm 3dnowprefetch epb cat_l3 cdp_l3 invpcid_single intel_ppin ssbd rsb_ctxsw ibrs ibpb stibp tpr_shadow vnmi flexpriority ept vpid fsgsbase tsc_adjust bmi1 hle avx2 smep bmi2 erms invpcid rtm cqm rdt_a rdseed adx smap intel_pt xsaveopt cqm_llc cqm_occup_llc cqm_mbm_total cqm_mbm_local dtherm ida arat pln pts md_clear spec_ctrl intel_stibp flush_l1d
rm -f __*.f90
rm -f __*.f90
rm -f m_Diffusion_precision.o m_Diffusion.o m_Diffusion_copy.o m_Diffusion_write.o m_Diffusion_alloc.o m_Diffusion_bc.o m_Diffusion_init.o m_Diffusion_diagnostics.o m_Diffusion_parse_params.o Diffusion.o
rm -f *.lst
rm -f *.mod
rm -f src/*/*.mod
rm -f *.l
rm -f *.L
rm -f *.daty
rm -rf alloc_data_bkp/*
rm -f Diffusion
rm -f *.o
gfortran -O0 -ffree-form   -c ./src/v1/m_Diffusion_precision.f90
gfortran -O0 -ffree-form   -c ./src/v1/m_Diffusion.f90
gfortran -O0 -ffree-form   -c ./src/v1/m_Diffusion_copy.f90
gfortran -O0 -ffree-form   -c ./src/v1/m_Diffusion_write.f90
gfortran -O0 -ffree-form   -c ./src/v1/m_Diffusion_alloc.f90
gfortran -O0 -ffree-form   -c ./src/v1/m_Diffusion_bc.f90
gfortran -O0 -ffree-form   -c ./src/v1/m_Diffusion_init.f90
gfortran -O0 -ffree-form   -c ./src/v1/m_Diffusion_diagnostics.f90
gfortran -O0 -ffree-form   -c ./src/v1/m_Diffusion_parse_params.f90
gfortran -O0 -ffree-form   -c ./src/v1/Diffusion.f90
gfortran -o Diffusion  m_Diffusion_precision.o m_Diffusion.o m_Diffusion_copy.o m_Diffusion_write.o m_Diffusion_alloc.o m_Diffusion_bc.o m_Diffusion_init.o m_Diffusion_diagnostics.o m_Diffusion_parse_params.o Diffusion.o 
 Program Diffusion started at 20230117-163637.437
rm -f __*.f90
rm -f __*.f90
rm -f m_Diffusion_precision.o m_Diffusion.o m_Diffusion_copy.o m_Diffusion_write.o m_Diffusion_alloc.o m_Diffusion_bc.o m_Diffusion_init.o m_Diffusion_diagnostics.o m_Diffusion_parse_params.o Diffusion.o
rm -f *.lst
rm -f *.mod
rm -f src/*/*.mod
rm -f *.l
rm -f *.L
rm -f *.daty
rm -rf alloc_data_bkp/*
rm -f Diffusion
rm -f *.o
gfortran -O0 -ffast-math -funroll-loops -ffree-form   -c ./src/v1/m_Diffusion_precision.f90
gfortran -O0 -ffast-math -funroll-loops -ffree-form   -c ./src/v1/m_Diffusion.f90
gfortran -O0 -ffast-math -funroll-loops -ffree-form   -c ./src/v1/m_Diffusion_copy.f90
gfortran -O0 -ffast-math -funroll-loops -ffree-form   -c ./src/v1/m_Diffusion_write.f90
gfortran -O0 -ffast-math -funroll-loops -ffree-form   -c ./src/v1/m_Diffusion_alloc.f90
gfortran -O0 -ffast-math -funroll-loops -ffree-form   -c ./src/v1/m_Diffusion_bc.f90
gfortran -O0 -ffast-math -funroll-loops -ffree-form   -c ./src/v1/m_Diffusion_init.f90
gfortran -O0 -ffast-math -funroll-loops -ffree-form   -c ./src/v1/m_Diffusion_diagnostics.f90
gfortran -O0 -ffast-math -funroll-loops -ffree-form   -c ./src/v1/m_Diffusion_parse_params.f90
gfortran -O0 -ffast-math -funroll-loops -ffree-form   -c ./src/v1/Diffusion.f90
gfortran -o Diffusion  m_Diffusion_precision.o m_Diffusion.o m_Diffusion_copy.o m_Diffusion_write.o m_Diffusion_alloc.o m_Diffusion_bc.o m_Diffusion_init.o m_Diffusion_diagnostics.o m_Diffusion_parse_params.o Diffusion.o 
 Program Diffusion started at 20230117-163715.086
rm -f __*.f90
rm -f __*.f90
rm -f m_Diffusion_precision.o m_Diffusion.o m_Diffusion_copy.o m_Diffusion_write.o m_Diffusion_alloc.o m_Diffusion_bc.o m_Diffusion_init.o m_Diffusion_diagnostics.o m_Diffusion_parse_params.o Diffusion.o
rm -f *.lst
rm -f *.mod
rm -f src/*/*.mod
rm -f *.l
rm -f *.L
rm -f *.daty
rm -rf alloc_data_bkp/*
rm -f Diffusion
rm -f *.o
gfortran -O1 -ffree-form   -c ./src/v1/m_Diffusion_precision.f90
gfortran -O1 -ffree-form   -c ./src/v1/m_Diffusion.f90
gfortran -O1 -ffree-form   -c ./src/v1/m_Diffusion_copy.f90
gfortran -O1 -ffree-form   -c ./src/v1/m_Diffusion_write.f90
gfortran -O1 -ffree-form   -c ./src/v1/m_Diffusion_alloc.f90
gfortran -O1 -ffree-form   -c ./src/v1/m_Diffusion_bc.f90
gfortran -O1 -ffree-form   -c ./src/v1/m_Diffusion_init.f90
gfortran -O1 -ffree-form   -c ./src/v1/m_Diffusion_diagnostics.f90
gfortran -O1 -ffree-form   -c ./src/v1/m_Diffusion_parse_params.f90
gfortran -O1 -ffree-form   -c ./src/v1/Diffusion.f90
gfortran -o Diffusion  m_Diffusion_precision.o m_Diffusion.o m_Diffusion_copy.o m_Diffusion_write.o m_Diffusion_alloc.o m_Diffusion_bc.o m_Diffusion_init.o m_Diffusion_diagnostics.o m_Diffusion_parse_params.o Diffusion.o 
 Program Diffusion started at 20230117-163752.836
rm -f __*.f90
rm -f __*.f90
rm -f m_Diffusion_precision.o m_Diffusion.o m_Diffusion_copy.o m_Diffusion_write.o m_Diffusion_alloc.o m_Diffusion_bc.o m_Diffusion_init.o m_Diffusion_diagnostics.o m_Diffusion_parse_params.o Diffusion.o
rm -f *.lst
rm -f *.mod
rm -f src/*/*.mod
rm -f *.l
rm -f *.L
rm -f *.daty
rm -rf alloc_data_bkp/*
rm -f Diffusion
rm -f *.o
gfortran -O1 -ffast-math -funroll-loops -ffree-form   -c ./src/v1/m_Diffusion_precision.f90
gfortran -O1 -ffast-math -funroll-loops -ffree-form   -c ./src/v1/m_Diffusion.f90
gfortran -O1 -ffast-math -funroll-loops -ffree-form   -c ./src/v1/m_Diffusion_copy.f90
gfortran -O1 -ffast-math -funroll-loops -ffree-form   -c ./src/v1/m_Diffusion_write.f90
gfortran -O1 -ffast-math -funroll-loops -ffree-form   -c ./src/v1/m_Diffusion_alloc.f90
gfortran -O1 -ffast-math -funroll-loops -ffree-form   -c ./src/v1/m_Diffusion_bc.f90
gfortran -O1 -ffast-math -funroll-loops -ffree-form   -c ./src/v1/m_Diffusion_init.f90
gfortran -O1 -ffast-math -funroll-loops -ffree-form   -c ./src/v1/m_Diffusion_diagnostics.f90
gfortran -O1 -ffast-math -funroll-loops -ffree-form   -c ./src/v1/m_Diffusion_parse_params.f90
gfortran -O1 -ffast-math -funroll-loops -ffree-form   -c ./src/v1/Diffusion.f90
gfortran -o Diffusion  m_Diffusion_precision.o m_Diffusion.o m_Diffusion_copy.o m_Diffusion_write.o m_Diffusion_alloc.o m_Diffusion_bc.o m_Diffusion_init.o m_Diffusion_diagnostics.o m_Diffusion_parse_params.o Diffusion.o 
 Program Diffusion started at 20230117-163805.792
rm -f __*.f90
rm -f __*.f90
rm -f m_Diffusion_precision.o m_Diffusion.o m_Diffusion_copy.o m_Diffusion_write.o m_Diffusion_alloc.o m_Diffusion_bc.o m_Diffusion_init.o m_Diffusion_diagnostics.o m_Diffusion_parse_params.o Diffusion.o
rm -f *.lst
rm -f *.mod
rm -f src/*/*.mod
rm -f *.l
rm -f *.L
rm -f *.daty
rm -rf alloc_data_bkp/*
rm -f Diffusion
rm -f *.o
gfortran -O2 -ffree-form   -c ./src/v1/m_Diffusion_precision.f90
gfortran -O2 -ffree-form   -c ./src/v1/m_Diffusion.f90
gfortran -O2 -ffree-form   -c ./src/v1/m_Diffusion_copy.f90
gfortran -O2 -ffree-form   -c ./src/v1/m_Diffusion_write.f90
gfortran -O2 -ffree-form   -c ./src/v1/m_Diffusion_alloc.f90
gfortran -O2 -ffree-form   -c ./src/v1/m_Diffusion_bc.f90
gfortran -O2 -ffree-form   -c ./src/v1/m_Diffusion_init.f90
gfortran -O2 -ffree-form   -c ./src/v1/m_Diffusion_diagnostics.f90
gfortran -O2 -ffree-form   -c ./src/v1/m_Diffusion_parse_params.f90
gfortran -O2 -ffree-form   -c ./src/v1/Diffusion.f90
gfortran -o Diffusion  m_Diffusion_precision.o m_Diffusion.o m_Diffusion_copy.o m_Diffusion_write.o m_Diffusion_alloc.o m_Diffusion_bc.o m_Diffusion_init.o m_Diffusion_diagnostics.o m_Diffusion_parse_params.o Diffusion.o 
 Program Diffusion started at 20230117-163819.357
rm -f __*.f90
rm -f __*.f90
rm -f m_Diffusion_precision.o m_Diffusion.o m_Diffusion_copy.o m_Diffusion_write.o m_Diffusion_alloc.o m_Diffusion_bc.o m_Diffusion_init.o m_Diffusion_diagnostics.o m_Diffusion_parse_params.o Diffusion.o
rm -f *.lst
rm -f *.mod
rm -f src/*/*.mod
rm -f *.l
rm -f *.L
rm -f *.daty
rm -rf alloc_data_bkp/*
rm -f Diffusion
rm -f *.o
gfortran -O2 -ffast-math -funroll-loops -ffree-form   -c ./src/v1/m_Diffusion_precision.f90
gfortran -O2 -ffast-math -funroll-loops -ffree-form   -c ./src/v1/m_Diffusion.f90
gfortran -O2 -ffast-math -funroll-loops -ffree-form   -c ./src/v1/m_Diffusion_copy.f90
gfortran -O2 -ffast-math -funroll-loops -ffree-form   -c ./src/v1/m_Diffusion_write.f90
gfortran -O2 -ffast-math -funroll-loops -ffree-form   -c ./src/v1/m_Diffusion_alloc.f90
gfortran -O2 -ffast-math -funroll-loops -ffree-form   -c ./src/v1/m_Diffusion_bc.f90
gfortran -O2 -ffast-math -funroll-loops -ffree-form   -c ./src/v1/m_Diffusion_init.f90
gfortran -O2 -ffast-math -funroll-loops -ffree-form   -c ./src/v1/m_Diffusion_diagnostics.f90
gfortran -O2 -ffast-math -funroll-loops -ffree-form   -c ./src/v1/m_Diffusion_parse_params.f90
gfortran -O2 -ffast-math -funroll-loops -ffree-form   -c ./src/v1/Diffusion.f90
gfortran -o Diffusion  m_Diffusion_precision.o m_Diffusion.o m_Diffusion_copy.o m_Diffusion_write.o m_Diffusion_alloc.o m_Diffusion_bc.o m_Diffusion_init.o m_Diffusion_diagnostics.o m_Diffusion_parse_params.o Diffusion.o 
 Program Diffusion started at 20230117-163828.937
rm -f __*.f90
rm -f __*.f90
rm -f m_Diffusion_precision.o m_Diffusion.o m_Diffusion_copy.o m_Diffusion_write.o m_Diffusion_alloc.o m_Diffusion_bc.o m_Diffusion_init.o m_Diffusion_diagnostics.o m_Diffusion_parse_params.o Diffusion.o
rm -f *.lst
rm -f *.mod
rm -f src/*/*.mod
rm -f *.l
rm -f *.L
rm -f *.daty
rm -rf alloc_data_bkp/*
rm -f Diffusion
rm -f *.o
gfortran -O3 -ffree-form   -c ./src/v1/m_Diffusion_precision.f90
gfortran -O3 -ffree-form   -c ./src/v1/m_Diffusion.f90
gfortran -O3 -ffree-form   -c ./src/v1/m_Diffusion_copy.f90
gfortran -O3 -ffree-form   -c ./src/v1/m_Diffusion_write.f90
gfortran -O3 -ffree-form   -c ./src/v1/m_Diffusion_alloc.f90
gfortran -O3 -ffree-form   -c ./src/v1/m_Diffusion_bc.f90
gfortran -O3 -ffree-form   -c ./src/v1/m_Diffusion_init.f90
gfortran -O3 -ffree-form   -c ./src/v1/m_Diffusion_diagnostics.f90
gfortran -O3 -ffree-form   -c ./src/v1/m_Diffusion_parse_params.f90
gfortran -O3 -ffree-form   -c ./src/v1/Diffusion.f90
gfortran -o Diffusion  m_Diffusion_precision.o m_Diffusion.o m_Diffusion_copy.o m_Diffusion_write.o m_Diffusion_alloc.o m_Diffusion_bc.o m_Diffusion_init.o m_Diffusion_diagnostics.o m_Diffusion_parse_params.o Diffusion.o 
 Program Diffusion started at 20230117-163838.313
rm -f __*.f90
rm -f __*.f90
rm -f m_Diffusion_precision.o m_Diffusion.o m_Diffusion_copy.o m_Diffusion_write.o m_Diffusion_alloc.o m_Diffusion_bc.o m_Diffusion_init.o m_Diffusion_diagnostics.o m_Diffusion_parse_params.o Diffusion.o
rm -f *.lst
rm -f *.mod
rm -f src/*/*.mod
rm -f *.l
rm -f *.L
rm -f *.daty
rm -rf alloc_data_bkp/*
rm -f Diffusion
rm -f *.o
gfortran -O3 -ffast-math -funroll-loops -ffree-form   -c ./src/v1/m_Diffusion_precision.f90
gfortran -O3 -ffast-math -funroll-loops -ffree-form   -c ./src/v1/m_Diffusion.f90
gfortran -O3 -ffast-math -funroll-loops -ffree-form   -c ./src/v1/m_Diffusion_copy.f90
gfortran -O3 -ffast-math -funroll-loops -ffree-form   -c ./src/v1/m_Diffusion_write.f90
gfortran -O3 -ffast-math -funroll-loops -ffree-form   -c ./src/v1/m_Diffusion_alloc.f90
gfortran -O3 -ffast-math -funroll-loops -ffree-form   -c ./src/v1/m_Diffusion_bc.f90
gfortran -O3 -ffast-math -funroll-loops -ffree-form   -c ./src/v1/m_Diffusion_init.f90
gfortran -O3 -ffast-math -funroll-loops -ffree-form   -c ./src/v1/m_Diffusion_diagnostics.f90
gfortran -O3 -ffast-math -funroll-loops -ffree-form   -c ./src/v1/m_Diffusion_parse_params.f90
gfortran -O3 -ffast-math -funroll-loops -ffree-form   -c ./src/v1/Diffusion.f90
gfortran -o Diffusion  m_Diffusion_precision.o m_Diffusion.o m_Diffusion_copy.o m_Diffusion_write.o m_Diffusion_alloc.o m_Diffusion_bc.o m_Diffusion_init.o m_Diffusion_diagnostics.o m_Diffusion_parse_params.o Diffusion.o 
 Program Diffusion started at 20230117-163845.262
rm -f __*.f90
rm -f __*.f90
rm -f m_Diffusion_precision.o m_Diffusion.o m_Diffusion_copy.o m_Diffusion_write.o m_Diffusion_alloc.o m_Diffusion_bc.o m_Diffusion_init.o m_Diffusion_diagnostics.o m_Diffusion_parse_params.o Diffusion.o
rm -f *.lst
rm -f *.mod
rm -f src/*/*.mod
rm -f *.l
rm -f *.L
rm -f *.daty
rm -rf alloc_data_bkp/*
rm -f Diffusion
rm -f *.o
gfortran -O4 -ffree-form   -c ./src/v1/m_Diffusion_precision.f90
gfortran -O4 -ffree-form   -c ./src/v1/m_Diffusion.f90
gfortran -O4 -ffree-form   -c ./src/v1/m_Diffusion_copy.f90
gfortran -O4 -ffree-form   -c ./src/v1/m_Diffusion_write.f90
gfortran -O4 -ffree-form   -c ./src/v1/m_Diffusion_alloc.f90
gfortran -O4 -ffree-form   -c ./src/v1/m_Diffusion_bc.f90
gfortran -O4 -ffree-form   -c ./src/v1/m_Diffusion_init.f90
gfortran -O4 -ffree-form   -c ./src/v1/m_Diffusion_diagnostics.f90
gfortran -O4 -ffree-form   -c ./src/v1/m_Diffusion_parse_params.f90
gfortran -O4 -ffree-form   -c ./src/v1/Diffusion.f90
gfortran -o Diffusion  m_Diffusion_precision.o m_Diffusion.o m_Diffusion_copy.o m_Diffusion_write.o m_Diffusion_alloc.o m_Diffusion_bc.o m_Diffusion_init.o m_Diffusion_diagnostics.o m_Diffusion_parse_params.o Diffusion.o 
 Program Diffusion started at 20230117-163850.768
rm -f __*.f90
rm -f __*.f90
rm -f m_Diffusion_precision.o m_Diffusion.o m_Diffusion_copy.o m_Diffusion_write.o m_Diffusion_alloc.o m_Diffusion_bc.o m_Diffusion_init.o m_Diffusion_diagnostics.o m_Diffusion_parse_params.o Diffusion.o
rm -f *.lst
rm -f *.mod
rm -f src/*/*.mod
rm -f *.l
rm -f *.L
rm -f *.daty
rm -rf alloc_data_bkp/*
rm -f Diffusion
rm -f *.o
gfortran -O4 -ffast-math -funroll-loops -ffree-form   -c ./src/v1/m_Diffusion_precision.f90
gfortran -O4 -ffast-math -funroll-loops -ffree-form   -c ./src/v1/m_Diffusion.f90
gfortran -O4 -ffast-math -funroll-loops -ffree-form   -c ./src/v1/m_Diffusion_copy.f90
gfortran -O4 -ffast-math -funroll-loops -ffree-form   -c ./src/v1/m_Diffusion_write.f90
gfortran -O4 -ffast-math -funroll-loops -ffree-form   -c ./src/v1/m_Diffusion_alloc.f90
gfortran -O4 -ffast-math -funroll-loops -ffree-form   -c ./src/v1/m_Diffusion_bc.f90
gfortran -O4 -ffast-math -funroll-loops -ffree-form   -c ./src/v1/m_Diffusion_init.f90
gfortran -O4 -ffast-math -funroll-loops -ffree-form   -c ./src/v1/m_Diffusion_diagnostics.f90
gfortran -O4 -ffast-math -funroll-loops -ffree-form   -c ./src/v1/m_Diffusion_parse_params.f90
gfortran -O4 -ffast-math -funroll-loops -ffree-form   -c ./src/v1/Diffusion.f90
gfortran -o Diffusion  m_Diffusion_precision.o m_Diffusion.o m_Diffusion_copy.o m_Diffusion_write.o m_Diffusion_alloc.o m_Diffusion_bc.o m_Diffusion_init.o m_Diffusion_diagnostics.o m_Diffusion_parse_params.o Diffusion.o 
 Program Diffusion started at 20230117-163857.401
rm -f __*.f90
rm -f __*.f90
rm -f m_Diffusion_precision.o m_Diffusion.o m_Diffusion_copy.o m_Diffusion_write.o m_Diffusion_alloc.o m_Diffusion_bc.o m_Diffusion_init.o m_Diffusion_diagnostics.o m_Diffusion_parse_params.o Diffusion.o
rm -f *.lst
rm -f *.mod
rm -f src/*/*.mod
rm -f *.l
rm -f *.L
rm -f *.daty
rm -rf alloc_data_bkp/*
rm -f Diffusion
rm -f *.o
gfortran -O0 -ffree-form   -c ./src/v2/m_Diffusion_precision.f90
gfortran -O0 -ffree-form   -c ./src/v2/m_Diffusion.f90
gfortran -O0 -ffree-form   -c ./src/v2/m_Diffusion_copy.f90
gfortran -O0 -ffree-form   -c ./src/v2/m_Diffusion_write.f90
gfortran -O0 -ffree-form   -c ./src/v2/m_Diffusion_alloc.f90
gfortran -O0 -ffree-form   -c ./src/v2/m_Diffusion_bc.f90
gfortran -O0 -ffree-form   -c ./src/v2/m_Diffusion_init.f90
gfortran -O0 -ffree-form   -c ./src/v2/m_Diffusion_diagnostics.f90
gfortran -O0 -ffree-form   -c ./src/v2/m_Diffusion_parse_params.f90
gfortran -O0 -ffree-form   -c ./src/v2/Diffusion.f90
gfortran -o Diffusion  m_Diffusion_precision.o m_Diffusion.o m_Diffusion_copy.o m_Diffusion_write.o m_Diffusion_alloc.o m_Diffusion_bc.o m_Diffusion_init.o m_Diffusion_diagnostics.o m_Diffusion_parse_params.o Diffusion.o 
 Program Diffusion started at 20230117-163902.487
rm -f __*.f90
rm -f __*.f90
rm -f m_Diffusion_precision.o m_Diffusion.o m_Diffusion_copy.o m_Diffusion_write.o m_Diffusion_alloc.o m_Diffusion_bc.o m_Diffusion_init.o m_Diffusion_diagnostics.o m_Diffusion_parse_params.o Diffusion.o
rm -f *.lst
rm -f *.mod
rm -f src/*/*.mod
rm -f *.l
rm -f *.L
rm -f *.daty
rm -rf alloc_data_bkp/*
rm -f Diffusion
rm -f *.o
gfortran -O0 -ffast-math -funroll-loops -ffree-form   -c ./src/v2/m_Diffusion_precision.f90
gfortran -O0 -ffast-math -funroll-loops -ffree-form   -c ./src/v2/m_Diffusion.f90
gfortran -O0 -ffast-math -funroll-loops -ffree-form   -c ./src/v2/m_Diffusion_copy.f90
gfortran -O0 -ffast-math -funroll-loops -ffree-form   -c ./src/v2/m_Diffusion_write.f90
gfortran -O0 -ffast-math -funroll-loops -ffree-form   -c ./src/v2/m_Diffusion_alloc.f90
gfortran -O0 -ffast-math -funroll-loops -ffree-form   -c ./src/v2/m_Diffusion_bc.f90
gfortran -O0 -ffast-math -funroll-loops -ffree-form   -c ./src/v2/m_Diffusion_init.f90
gfortran -O0 -ffast-math -funroll-loops -ffree-form   -c ./src/v2/m_Diffusion_diagnostics.f90
gfortran -O0 -ffast-math -funroll-loops -ffree-form   -c ./src/v2/m_Diffusion_parse_params.f90
gfortran -O0 -ffast-math -funroll-loops -ffree-form   -c ./src/v2/Diffusion.f90
gfortran -o Diffusion  m_Diffusion_precision.o m_Diffusion.o m_Diffusion_copy.o m_Diffusion_write.o m_Diffusion_alloc.o m_Diffusion_bc.o m_Diffusion_init.o m_Diffusion_diagnostics.o m_Diffusion_parse_params.o Diffusion.o 
 Program Diffusion started at 20230117-163946.438
rm -f __*.f90
rm -f __*.f90
rm -f m_Diffusion_precision.o m_Diffusion.o m_Diffusion_copy.o m_Diffusion_write.o m_Diffusion_alloc.o m_Diffusion_bc.o m_Diffusion_init.o m_Diffusion_diagnostics.o m_Diffusion_parse_params.o Diffusion.o
rm -f *.lst
rm -f *.mod
rm -f src/*/*.mod
rm -f *.l
rm -f *.L
rm -f *.daty
rm -rf alloc_data_bkp/*
rm -f Diffusion
rm -f *.o
gfortran -O1 -ffree-form   -c ./src/v2/m_Diffusion_precision.f90
gfortran -O1 -ffree-form   -c ./src/v2/m_Diffusion.f90
gfortran -O1 -ffree-form   -c ./src/v2/m_Diffusion_copy.f90
gfortran -O1 -ffree-form   -c ./src/v2/m_Diffusion_write.f90
gfortran -O1 -ffree-form   -c ./src/v2/m_Diffusion_alloc.f90
gfortran -O1 -ffree-form   -c ./src/v2/m_Diffusion_bc.f90
gfortran -O1 -ffree-form   -c ./src/v2/m_Diffusion_init.f90
gfortran -O1 -ffree-form   -c ./src/v2/m_Diffusion_diagnostics.f90
gfortran -O1 -ffree-form   -c ./src/v2/m_Diffusion_parse_params.f90
gfortran -O1 -ffree-form   -c ./src/v2/Diffusion.f90
gfortran -o Diffusion  m_Diffusion_precision.o m_Diffusion.o m_Diffusion_copy.o m_Diffusion_write.o m_Diffusion_alloc.o m_Diffusion_bc.o m_Diffusion_init.o m_Diffusion_diagnostics.o m_Diffusion_parse_params.o Diffusion.o 
 Program Diffusion started at 20230117-164030.538
rm -f __*.f90
rm -f __*.f90
rm -f m_Diffusion_precision.o m_Diffusion.o m_Diffusion_copy.o m_Diffusion_write.o m_Diffusion_alloc.o m_Diffusion_bc.o m_Diffusion_init.o m_Diffusion_diagnostics.o m_Diffusion_parse_params.o Diffusion.o
rm -f *.lst
rm -f *.mod
rm -f src/*/*.mod
rm -f *.l
rm -f *.L
rm -f *.daty
rm -rf alloc_data_bkp/*
rm -f Diffusion
rm -f *.o
gfortran -O1 -ffast-math -funroll-loops -ffree-form   -c ./src/v2/m_Diffusion_precision.f90
gfortran -O1 -ffast-math -funroll-loops -ffree-form   -c ./src/v2/m_Diffusion.f90
gfortran -O1 -ffast-math -funroll-loops -ffree-form   -c ./src/v2/m_Diffusion_copy.f90
gfortran -O1 -ffast-math -funroll-loops -ffree-form   -c ./src/v2/m_Diffusion_write.f90
gfortran -O1 -ffast-math -funroll-loops -ffree-form   -c ./src/v2/m_Diffusion_alloc.f90
gfortran -O1 -ffast-math -funroll-loops -ffree-form   -c ./src/v2/m_Diffusion_bc.f90
gfortran -O1 -ffast-math -funroll-loops -ffree-form   -c ./src/v2/m_Diffusion_init.f90
gfortran -O1 -ffast-math -funroll-loops -ffree-form   -c ./src/v2/m_Diffusion_diagnostics.f90
gfortran -O1 -ffast-math -funroll-loops -ffree-form   -c ./src/v2/m_Diffusion_parse_params.f90
gfortran -O1 -ffast-math -funroll-loops -ffree-form   -c ./src/v2/Diffusion.f90
gfortran -o Diffusion  m_Diffusion_precision.o m_Diffusion.o m_Diffusion_copy.o m_Diffusion_write.o m_Diffusion_alloc.o m_Diffusion_bc.o m_Diffusion_init.o m_Diffusion_diagnostics.o m_Diffusion_parse_params.o Diffusion.o 
 Program Diffusion started at 20230117-164051.912
rm -f __*.f90
rm -f __*.f90
rm -f m_Diffusion_precision.o m_Diffusion.o m_Diffusion_copy.o m_Diffusion_write.o m_Diffusion_alloc.o m_Diffusion_bc.o m_Diffusion_init.o m_Diffusion_diagnostics.o m_Diffusion_parse_params.o Diffusion.o
rm -f *.lst
rm -f *.mod
rm -f src/*/*.mod
rm -f *.l
rm -f *.L
rm -f *.daty
rm -rf alloc_data_bkp/*
rm -f Diffusion
rm -f *.o
gfortran -O2 -ffree-form   -c ./src/v2/m_Diffusion_precision.f90
gfortran -O2 -ffree-form   -c ./src/v2/m_Diffusion.f90
gfortran -O2 -ffree-form   -c ./src/v2/m_Diffusion_copy.f90
gfortran -O2 -ffree-form   -c ./src/v2/m_Diffusion_write.f90
gfortran -O2 -ffree-form   -c ./src/v2/m_Diffusion_alloc.f90
gfortran -O2 -ffree-form   -c ./src/v2/m_Diffusion_bc.f90
gfortran -O2 -ffree-form   -c ./src/v2/m_Diffusion_init.f90
gfortran -O2 -ffree-form   -c ./src/v2/m_Diffusion_diagnostics.f90
gfortran -O2 -ffree-form   -c ./src/v2/m_Diffusion_parse_params.f90
gfortran -O2 -ffree-form   -c ./src/v2/Diffusion.f90
gfortran -o Diffusion  m_Diffusion_precision.o m_Diffusion.o m_Diffusion_copy.o m_Diffusion_write.o m_Diffusion_alloc.o m_Diffusion_bc.o m_Diffusion_init.o m_Diffusion_diagnostics.o m_Diffusion_parse_params.o Diffusion.o 
 Program Diffusion started at 20230117-164113.858
rm -f __*.f90
rm -f __*.f90
rm -f m_Diffusion_precision.o m_Diffusion.o m_Diffusion_copy.o m_Diffusion_write.o m_Diffusion_alloc.o m_Diffusion_bc.o m_Diffusion_init.o m_Diffusion_diagnostics.o m_Diffusion_parse_params.o Diffusion.o
rm -f *.lst
rm -f *.mod
rm -f src/*/*.mod
rm -f *.l
rm -f *.L
rm -f *.daty
rm -rf alloc_data_bkp/*
rm -f Diffusion
rm -f *.o
gfortran -O2 -ffast-math -funroll-loops -ffree-form   -c ./src/v2/m_Diffusion_precision.f90
gfortran -O2 -ffast-math -funroll-loops -ffree-form   -c ./src/v2/m_Diffusion.f90
gfortran -O2 -ffast-math -funroll-loops -ffree-form   -c ./src/v2/m_Diffusion_copy.f90
gfortran -O2 -ffast-math -funroll-loops -ffree-form   -c ./src/v2/m_Diffusion_write.f90
gfortran -O2 -ffast-math -funroll-loops -ffree-form   -c ./src/v2/m_Diffusion_alloc.f90
gfortran -O2 -ffast-math -funroll-loops -ffree-form   -c ./src/v2/m_Diffusion_bc.f90
gfortran -O2 -ffast-math -funroll-loops -ffree-form   -c ./src/v2/m_Diffusion_init.f90
gfortran -O2 -ffast-math -funroll-loops -ffree-form   -c ./src/v2/m_Diffusion_diagnostics.f90
gfortran -O2 -ffast-math -funroll-loops -ffree-form   -c ./src/v2/m_Diffusion_parse_params.f90
gfortran -O2 -ffast-math -funroll-loops -ffree-form   -c ./src/v2/Diffusion.f90
gfortran -o Diffusion  m_Diffusion_precision.o m_Diffusion.o m_Diffusion_copy.o m_Diffusion_write.o m_Diffusion_alloc.o m_Diffusion_bc.o m_Diffusion_init.o m_Diffusion_diagnostics.o m_Diffusion_parse_params.o Diffusion.o 
 Program Diffusion started at 20230117-164124.007
rm -f __*.f90
rm -f __*.f90
rm -f m_Diffusion_precision.o m_Diffusion.o m_Diffusion_copy.o m_Diffusion_write.o m_Diffusion_alloc.o m_Diffusion_bc.o m_Diffusion_init.o m_Diffusion_diagnostics.o m_Diffusion_parse_params.o Diffusion.o
rm -f *.lst
rm -f *.mod
rm -f src/*/*.mod
rm -f *.l
rm -f *.L
rm -f *.daty
rm -rf alloc_data_bkp/*
rm -f Diffusion
rm -f *.o
gfortran -O3 -ffree-form   -c ./src/v2/m_Diffusion_precision.f90
gfortran -O3 -ffree-form   -c ./src/v2/m_Diffusion.f90
gfortran -O3 -ffree-form   -c ./src/v2/m_Diffusion_copy.f90
gfortran -O3 -ffree-form   -c ./src/v2/m_Diffusion_write.f90
gfortran -O3 -ffree-form   -c ./src/v2/m_Diffusion_alloc.f90
gfortran -O3 -ffree-form   -c ./src/v2/m_Diffusion_bc.f90
gfortran -O3 -ffree-form   -c ./src/v2/m_Diffusion_init.f90
gfortran -O3 -ffree-form   -c ./src/v2/m_Diffusion_diagnostics.f90
gfortran -O3 -ffree-form   -c ./src/v2/m_Diffusion_parse_params.f90
gfortran -O3 -ffree-form   -c ./src/v2/Diffusion.f90
gfortran -o Diffusion  m_Diffusion_precision.o m_Diffusion.o m_Diffusion_copy.o m_Diffusion_write.o m_Diffusion_alloc.o m_Diffusion_bc.o m_Diffusion_init.o m_Diffusion_diagnostics.o m_Diffusion_parse_params.o Diffusion.o 
 Program Diffusion started at 20230117-164134.932
rm -f __*.f90
rm -f __*.f90
rm -f m_Diffusion_precision.o m_Diffusion.o m_Diffusion_copy.o m_Diffusion_write.o m_Diffusion_alloc.o m_Diffusion_bc.o m_Diffusion_init.o m_Diffusion_diagnostics.o m_Diffusion_parse_params.o Diffusion.o
rm -f *.lst
rm -f *.mod
rm -f src/*/*.mod
rm -f *.l
rm -f *.L
rm -f *.daty
rm -rf alloc_data_bkp/*
rm -f Diffusion
rm -f *.o
gfortran -O3 -ffast-math -funroll-loops -ffree-form   -c ./src/v2/m_Diffusion_precision.f90
gfortran -O3 -ffast-math -funroll-loops -ffree-form   -c ./src/v2/m_Diffusion.f90
gfortran -O3 -ffast-math -funroll-loops -ffree-form   -c ./src/v2/m_Diffusion_copy.f90
gfortran -O3 -ffast-math -funroll-loops -ffree-form   -c ./src/v2/m_Diffusion_write.f90
gfortran -O3 -ffast-math -funroll-loops -ffree-form   -c ./src/v2/m_Diffusion_alloc.f90
gfortran -O3 -ffast-math -funroll-loops -ffree-form   -c ./src/v2/m_Diffusion_bc.f90
gfortran -O3 -ffast-math -funroll-loops -ffree-form   -c ./src/v2/m_Diffusion_init.f90
gfortran -O3 -ffast-math -funroll-loops -ffree-form   -c ./src/v2/m_Diffusion_diagnostics.f90
gfortran -O3 -ffast-math -funroll-loops -ffree-form   -c ./src/v2/m_Diffusion_parse_params.f90
gfortran -O3 -ffast-math -funroll-loops -ffree-form   -c ./src/v2/Diffusion.f90
gfortran -o Diffusion  m_Diffusion_precision.o m_Diffusion.o m_Diffusion_copy.o m_Diffusion_write.o m_Diffusion_alloc.o m_Diffusion_bc.o m_Diffusion_init.o m_Diffusion_diagnostics.o m_Diffusion_parse_params.o Diffusion.o 
 Program Diffusion started at 20230117-164143.060
rm -f __*.f90
rm -f __*.f90
rm -f m_Diffusion_precision.o m_Diffusion.o m_Diffusion_copy.o m_Diffusion_write.o m_Diffusion_alloc.o m_Diffusion_bc.o m_Diffusion_init.o m_Diffusion_diagnostics.o m_Diffusion_parse_params.o Diffusion.o
rm -f *.lst
rm -f *.mod
rm -f src/*/*.mod
rm -f *.l
rm -f *.L
rm -f *.daty
rm -rf alloc_data_bkp/*
rm -f Diffusion
rm -f *.o
gfortran -O4 -ffree-form   -c ./src/v2/m_Diffusion_precision.f90
gfortran -O4 -ffree-form   -c ./src/v2/m_Diffusion.f90
gfortran -O4 -ffree-form   -c ./src/v2/m_Diffusion_copy.f90
gfortran -O4 -ffree-form   -c ./src/v2/m_Diffusion_write.f90
gfortran -O4 -ffree-form   -c ./src/v2/m_Diffusion_alloc.f90
gfortran -O4 -ffree-form   -c ./src/v2/m_Diffusion_bc.f90
gfortran -O4 -ffree-form   -c ./src/v2/m_Diffusion_init.f90
gfortran -O4 -ffree-form   -c ./src/v2/m_Diffusion_diagnostics.f90
gfortran -O4 -ffree-form   -c ./src/v2/m_Diffusion_parse_params.f90
gfortran -O4 -ffree-form   -c ./src/v2/Diffusion.f90
gfortran -o Diffusion  m_Diffusion_precision.o m_Diffusion.o m_Diffusion_copy.o m_Diffusion_write.o m_Diffusion_alloc.o m_Diffusion_bc.o m_Diffusion_init.o m_Diffusion_diagnostics.o m_Diffusion_parse_params.o Diffusion.o 
 Program Diffusion started at 20230117-164151.654
rm -f __*.f90
rm -f __*.f90
rm -f m_Diffusion_precision.o m_Diffusion.o m_Diffusion_copy.o m_Diffusion_write.o m_Diffusion_alloc.o m_Diffusion_bc.o m_Diffusion_init.o m_Diffusion_diagnostics.o m_Diffusion_parse_params.o Diffusion.o
rm -f *.lst
rm -f *.mod
rm -f src/*/*.mod
rm -f *.l
rm -f *.L
rm -f *.daty
rm -rf alloc_data_bkp/*
rm -f Diffusion
rm -f *.o
gfortran -O4 -ffast-math -funroll-loops -ffree-form   -c ./src/v2/m_Diffusion_precision.f90
gfortran -O4 -ffast-math -funroll-loops -ffree-form   -c ./src/v2/m_Diffusion.f90
gfortran -O4 -ffast-math -funroll-loops -ffree-form   -c ./src/v2/m_Diffusion_copy.f90
gfortran -O4 -ffast-math -funroll-loops -ffree-form   -c ./src/v2/m_Diffusion_write.f90
gfortran -O4 -ffast-math -funroll-loops -ffree-form   -c ./src/v2/m_Diffusion_alloc.f90
gfortran -O4 -ffast-math -funroll-loops -ffree-form   -c ./src/v2/m_Diffusion_bc.f90
gfortran -O4 -ffast-math -funroll-loops -ffree-form   -c ./src/v2/m_Diffusion_init.f90
gfortran -O4 -ffast-math -funroll-loops -ffree-form   -c ./src/v2/m_Diffusion_diagnostics.f90
gfortran -O4 -ffast-math -funroll-loops -ffree-form   -c ./src/v2/m_Diffusion_parse_params.f90
gfortran -O4 -ffast-math -funroll-loops -ffree-form   -c ./src/v2/Diffusion.f90
gfortran -o Diffusion  m_Diffusion_precision.o m_Diffusion.o m_Diffusion_copy.o m_Diffusion_write.o m_Diffusion_alloc.o m_Diffusion_bc.o m_Diffusion_init.o m_Diffusion_diagnostics.o m_Diffusion_parse_params.o Diffusion.o 
 Program Diffusion started at 20230117-164159.773
rm -f __*.f90
rm -f __*.f90
rm -f m_Diffusion_precision.o m_Diffusion.o m_Diffusion_copy.o m_Diffusion_write.o m_Diffusion_alloc.o m_Diffusion_bc.o m_Diffusion_init.o m_Diffusion_diagnostics.o m_Diffusion_parse_params.o Diffusion.o
rm -f *.lst
rm -f *.mod
rm -f src/*/*.mod
rm -f *.l
rm -f *.L
rm -f *.daty
rm -rf alloc_data_bkp/*
rm -f Diffusion
rm -f *.o
gfortran -O0 -ffree-form   -c ./src/v3/m_Diffusion_precision.f90
gfortran -O0 -ffree-form   -c ./src/v3/m_Diffusion.f90
gfortran -O0 -ffree-form   -c ./src/v3/m_Diffusion_copy.f90
gfortran -O0 -ffree-form   -c ./src/v3/m_Diffusion_write.f90
gfortran -O0 -ffree-form   -c ./src/v3/m_Diffusion_alloc.f90
gfortran -O0 -ffree-form   -c ./src/v3/m_Diffusion_bc.f90
gfortran -O0 -ffree-form   -c ./src/v3/m_Diffusion_init.f90
gfortran -O0 -ffree-form   -c ./src/v3/m_Diffusion_diagnostics.f90
gfortran -O0 -ffree-form   -c ./src/v3/m_Diffusion_parse_params.f90
gfortran -O0 -ffree-form   -c ./src/v3/Diffusion.f90
gfortran -o Diffusion  m_Diffusion_precision.o m_Diffusion.o m_Diffusion_copy.o m_Diffusion_write.o m_Diffusion_alloc.o m_Diffusion_bc.o m_Diffusion_init.o m_Diffusion_diagnostics.o m_Diffusion_parse_params.o Diffusion.o 
 Program Diffusion started at 20230117-164207.958
rm -f __*.f90
rm -f __*.f90
rm -f m_Diffusion_precision.o m_Diffusion.o m_Diffusion_copy.o m_Diffusion_write.o m_Diffusion_alloc.o m_Diffusion_bc.o m_Diffusion_init.o m_Diffusion_diagnostics.o m_Diffusion_parse_params.o Diffusion.o
rm -f *.lst
rm -f *.mod
rm -f src/*/*.mod
rm -f *.l
rm -f *.L
rm -f *.daty
rm -rf alloc_data_bkp/*
rm -f Diffusion
rm -f *.o
gfortran -O0 -ffast-math -funroll-loops -ffree-form   -c ./src/v3/m_Diffusion_precision.f90
gfortran -O0 -ffast-math -funroll-loops -ffree-form   -c ./src/v3/m_Diffusion.f90
gfortran -O0 -ffast-math -funroll-loops -ffree-form   -c ./src/v3/m_Diffusion_copy.f90
gfortran -O0 -ffast-math -funroll-loops -ffree-form   -c ./src/v3/m_Diffusion_write.f90
gfortran -O0 -ffast-math -funroll-loops -ffree-form   -c ./src/v3/m_Diffusion_alloc.f90
gfortran -O0 -ffast-math -funroll-loops -ffree-form   -c ./src/v3/m_Diffusion_bc.f90
gfortran -O0 -ffast-math -funroll-loops -ffree-form   -c ./src/v3/m_Diffusion_init.f90
gfortran -O0 -ffast-math -funroll-loops -ffree-form   -c ./src/v3/m_Diffusion_diagnostics.f90
gfortran -O0 -ffast-math -funroll-loops -ffree-form   -c ./src/v3/m_Diffusion_parse_params.f90
gfortran -O0 -ffast-math -funroll-loops -ffree-form   -c ./src/v3/Diffusion.f90
gfortran -o Diffusion  m_Diffusion_precision.o m_Diffusion.o m_Diffusion_copy.o m_Diffusion_write.o m_Diffusion_alloc.o m_Diffusion_bc.o m_Diffusion_init.o m_Diffusion_diagnostics.o m_Diffusion_parse_params.o Diffusion.o 
 Program Diffusion started at 20230117-164240.007
rm -f __*.f90
rm -f __*.f90
rm -f m_Diffusion_precision.o m_Diffusion.o m_Diffusion_copy.o m_Diffusion_write.o m_Diffusion_alloc.o m_Diffusion_bc.o m_Diffusion_init.o m_Diffusion_diagnostics.o m_Diffusion_parse_params.o Diffusion.o
rm -f *.lst
rm -f *.mod
rm -f src/*/*.mod
rm -f *.l
rm -f *.L
rm -f *.daty
rm -rf alloc_data_bkp/*
rm -f Diffusion
rm -f *.o
gfortran -O1 -ffree-form   -c ./src/v3/m_Diffusion_precision.f90
gfortran -O1 -ffree-form   -c ./src/v3/m_Diffusion.f90
gfortran -O1 -ffree-form   -c ./src/v3/m_Diffusion_copy.f90
gfortran -O1 -ffree-form   -c ./src/v3/m_Diffusion_write.f90
gfortran -O1 -ffree-form   -c ./src/v3/m_Diffusion_alloc.f90
gfortran -O1 -ffree-form   -c ./src/v3/m_Diffusion_bc.f90
gfortran -O1 -ffree-form   -c ./src/v3/m_Diffusion_init.f90
gfortran -O1 -ffree-form   -c ./src/v3/m_Diffusion_diagnostics.f90
gfortran -O1 -ffree-form   -c ./src/v3/m_Diffusion_parse_params.f90
gfortran -O1 -ffree-form   -c ./src/v3/Diffusion.f90
gfortran -o Diffusion  m_Diffusion_precision.o m_Diffusion.o m_Diffusion_copy.o m_Diffusion_write.o m_Diffusion_alloc.o m_Diffusion_bc.o m_Diffusion_init.o m_Diffusion_diagnostics.o m_Diffusion_parse_params.o Diffusion.o 
 Program Diffusion started at 20230117-164312.096
rm -f __*.f90
rm -f __*.f90
rm -f m_Diffusion_precision.o m_Diffusion.o m_Diffusion_copy.o m_Diffusion_write.o m_Diffusion_alloc.o m_Diffusion_bc.o m_Diffusion_init.o m_Diffusion_diagnostics.o m_Diffusion_parse_params.o Diffusion.o
rm -f *.lst
rm -f *.mod
rm -f src/*/*.mod
rm -f *.l
rm -f *.L
rm -f *.daty
rm -rf alloc_data_bkp/*
rm -f Diffusion
rm -f *.o
gfortran -O1 -ffast-math -funroll-loops -ffree-form   -c ./src/v3/m_Diffusion_precision.f90
gfortran -O1 -ffast-math -funroll-loops -ffree-form   -c ./src/v3/m_Diffusion.f90
gfortran -O1 -ffast-math -funroll-loops -ffree-form   -c ./src/v3/m_Diffusion_copy.f90
gfortran -O1 -ffast-math -funroll-loops -ffree-form   -c ./src/v3/m_Diffusion_write.f90
gfortran -O1 -ffast-math -funroll-loops -ffree-form   -c ./src/v3/m_Diffusion_alloc.f90
gfortran -O1 -ffast-math -funroll-loops -ffree-form   -c ./src/v3/m_Diffusion_bc.f90
gfortran -O1 -ffast-math -funroll-loops -ffree-form   -c ./src/v3/m_Diffusion_init.f90
gfortran -O1 -ffast-math -funroll-loops -ffree-form   -c ./src/v3/m_Diffusion_diagnostics.f90
gfortran -O1 -ffast-math -funroll-loops -ffree-form   -c ./src/v3/m_Diffusion_parse_params.f90
gfortran -O1 -ffast-math -funroll-loops -ffree-form   -c ./src/v3/Diffusion.f90
gfortran -o Diffusion  m_Diffusion_precision.o m_Diffusion.o m_Diffusion_copy.o m_Diffusion_write.o m_Diffusion_alloc.o m_Diffusion_bc.o m_Diffusion_init.o m_Diffusion_diagnostics.o m_Diffusion_parse_params.o Diffusion.o 
 Program Diffusion started at 20230117-164324.036
rm -f __*.f90
rm -f __*.f90
rm -f m_Diffusion_precision.o m_Diffusion.o m_Diffusion_copy.o m_Diffusion_write.o m_Diffusion_alloc.o m_Diffusion_bc.o m_Diffusion_init.o m_Diffusion_diagnostics.o m_Diffusion_parse_params.o Diffusion.o
rm -f *.lst
rm -f *.mod
rm -f src/*/*.mod
rm -f *.l
rm -f *.L
rm -f *.daty
rm -rf alloc_data_bkp/*
rm -f Diffusion
rm -f *.o
gfortran -O2 -ffree-form   -c ./src/v3/m_Diffusion_precision.f90
gfortran -O2 -ffree-form   -c ./src/v3/m_Diffusion.f90
gfortran -O2 -ffree-form   -c ./src/v3/m_Diffusion_copy.f90
gfortran -O2 -ffree-form   -c ./src/v3/m_Diffusion_write.f90
gfortran -O2 -ffree-form   -c ./src/v3/m_Diffusion_alloc.f90
gfortran -O2 -ffree-form   -c ./src/v3/m_Diffusion_bc.f90
gfortran -O2 -ffree-form   -c ./src/v3/m_Diffusion_init.f90
gfortran -O2 -ffree-form   -c ./src/v3/m_Diffusion_diagnostics.f90
gfortran -O2 -ffree-form   -c ./src/v3/m_Diffusion_parse_params.f90
gfortran -O2 -ffree-form   -c ./src/v3/Diffusion.f90
gfortran -o Diffusion  m_Diffusion_precision.o m_Diffusion.o m_Diffusion_copy.o m_Diffusion_write.o m_Diffusion_alloc.o m_Diffusion_bc.o m_Diffusion_init.o m_Diffusion_diagnostics.o m_Diffusion_parse_params.o Diffusion.o 
 Program Diffusion started at 20230117-164336.931
rm -f __*.f90
rm -f __*.f90
rm -f m_Diffusion_precision.o m_Diffusion.o m_Diffusion_copy.o m_Diffusion_write.o m_Diffusion_alloc.o m_Diffusion_bc.o m_Diffusion_init.o m_Diffusion_diagnostics.o m_Diffusion_parse_params.o Diffusion.o
rm -f *.lst
rm -f *.mod
rm -f src/*/*.mod
rm -f *.l
rm -f *.L
rm -f *.daty
rm -rf alloc_data_bkp/*
rm -f Diffusion
rm -f *.o
gfortran -O2 -ffast-math -funroll-loops -ffree-form   -c ./src/v3/m_Diffusion_precision.f90
gfortran -O2 -ffast-math -funroll-loops -ffree-form   -c ./src/v3/m_Diffusion.f90
gfortran -O2 -ffast-math -funroll-loops -ffree-form   -c ./src/v3/m_Diffusion_copy.f90
gfortran -O2 -ffast-math -funroll-loops -ffree-form   -c ./src/v3/m_Diffusion_write.f90
gfortran -O2 -ffast-math -funroll-loops -ffree-form   -c ./src/v3/m_Diffusion_alloc.f90
gfortran -O2 -ffast-math -funroll-loops -ffree-form   -c ./src/v3/m_Diffusion_bc.f90
gfortran -O2 -ffast-math -funroll-loops -ffree-form   -c ./src/v3/m_Diffusion_init.f90
gfortran -O2 -ffast-math -funroll-loops -ffree-form   -c ./src/v3/m_Diffusion_diagnostics.f90
gfortran -O2 -ffast-math -funroll-loops -ffree-form   -c ./src/v3/m_Diffusion_parse_params.f90
gfortran -O2 -ffast-math -funroll-loops -ffree-form   -c ./src/v3/Diffusion.f90
gfortran -o Diffusion  m_Diffusion_precision.o m_Diffusion.o m_Diffusion_copy.o m_Diffusion_write.o m_Diffusion_alloc.o m_Diffusion_bc.o m_Diffusion_init.o m_Diffusion_diagnostics.o m_Diffusion_parse_params.o Diffusion.o 
 Program Diffusion started at 20230117-164346.171
rm -f __*.f90
rm -f __*.f90
rm -f m_Diffusion_precision.o m_Diffusion.o m_Diffusion_copy.o m_Diffusion_write.o m_Diffusion_alloc.o m_Diffusion_bc.o m_Diffusion_init.o m_Diffusion_diagnostics.o m_Diffusion_parse_params.o Diffusion.o
rm -f *.lst
rm -f *.mod
rm -f src/*/*.mod
rm -f *.l
rm -f *.L
rm -f *.daty
rm -rf alloc_data_bkp/*
rm -f Diffusion
rm -f *.o
gfortran -O3 -ffree-form   -c ./src/v3/m_Diffusion_precision.f90
gfortran -O3 -ffree-form   -c ./src/v3/m_Diffusion.f90
gfortran -O3 -ffree-form   -c ./src/v3/m_Diffusion_copy.f90
gfortran -O3 -ffree-form   -c ./src/v3/m_Diffusion_write.f90
gfortran -O3 -ffree-form   -c ./src/v3/m_Diffusion_alloc.f90
gfortran -O3 -ffree-form   -c ./src/v3/m_Diffusion_bc.f90
gfortran -O3 -ffree-form   -c ./src/v3/m_Diffusion_init.f90
gfortran -O3 -ffree-form   -c ./src/v3/m_Diffusion_diagnostics.f90
gfortran -O3 -ffree-form   -c ./src/v3/m_Diffusion_parse_params.f90
gfortran -O3 -ffree-form   -c ./src/v3/Diffusion.f90
gfortran -o Diffusion  m_Diffusion_precision.o m_Diffusion.o m_Diffusion_copy.o m_Diffusion_write.o m_Diffusion_alloc.o m_Diffusion_bc.o m_Diffusion_init.o m_Diffusion_diagnostics.o m_Diffusion_parse_params.o Diffusion.o 
 Program Diffusion started at 20230117-164354.944
rm -f __*.f90
rm -f __*.f90
rm -f m_Diffusion_precision.o m_Diffusion.o m_Diffusion_copy.o m_Diffusion_write.o m_Diffusion_alloc.o m_Diffusion_bc.o m_Diffusion_init.o m_Diffusion_diagnostics.o m_Diffusion_parse_params.o Diffusion.o
rm -f *.lst
rm -f *.mod
rm -f src/*/*.mod
rm -f *.l
rm -f *.L
rm -f *.daty
rm -rf alloc_data_bkp/*
rm -f Diffusion
rm -f *.o
gfortran -O3 -ffast-math -funroll-loops -ffree-form   -c ./src/v3/m_Diffusion_precision.f90
gfortran -O3 -ffast-math -funroll-loops -ffree-form   -c ./src/v3/m_Diffusion.f90
gfortran -O3 -ffast-math -funroll-loops -ffree-form   -c ./src/v3/m_Diffusion_copy.f90
gfortran -O3 -ffast-math -funroll-loops -ffree-form   -c ./src/v3/m_Diffusion_write.f90
gfortran -O3 -ffast-math -funroll-loops -ffree-form   -c ./src/v3/m_Diffusion_alloc.f90
gfortran -O3 -ffast-math -funroll-loops -ffree-form   -c ./src/v3/m_Diffusion_bc.f90
gfortran -O3 -ffast-math -funroll-loops -ffree-form   -c ./src/v3/m_Diffusion_init.f90
gfortran -O3 -ffast-math -funroll-loops -ffree-form   -c ./src/v3/m_Diffusion_diagnostics.f90
gfortran -O3 -ffast-math -funroll-loops -ffree-form   -c ./src/v3/m_Diffusion_parse_params.f90
gfortran -O3 -ffast-math -funroll-loops -ffree-form   -c ./src/v3/Diffusion.f90
gfortran -o Diffusion  m_Diffusion_precision.o m_Diffusion.o m_Diffusion_copy.o m_Diffusion_write.o m_Diffusion_alloc.o m_Diffusion_bc.o m_Diffusion_init.o m_Diffusion_diagnostics.o m_Diffusion_parse_params.o Diffusion.o 
 Program Diffusion started at 20230117-164401.268
rm -f __*.f90
rm -f __*.f90
rm -f m_Diffusion_precision.o m_Diffusion.o m_Diffusion_copy.o m_Diffusion_write.o m_Diffusion_alloc.o m_Diffusion_bc.o m_Diffusion_init.o m_Diffusion_diagnostics.o m_Diffusion_parse_params.o Diffusion.o
rm -f *.lst
rm -f *.mod
rm -f src/*/*.mod
rm -f *.l
rm -f *.L
rm -f *.daty
rm -rf alloc_data_bkp/*
rm -f Diffusion
rm -f *.o
gfortran -O4 -ffree-form   -c ./src/v3/m_Diffusion_precision.f90
gfortran -O4 -ffree-form   -c ./src/v3/m_Diffusion.f90
gfortran -O4 -ffree-form   -c ./src/v3/m_Diffusion_copy.f90
gfortran -O4 -ffree-form   -c ./src/v3/m_Diffusion_write.f90
gfortran -O4 -ffree-form   -c ./src/v3/m_Diffusion_alloc.f90
gfortran -O4 -ffree-form   -c ./src/v3/m_Diffusion_bc.f90
gfortran -O4 -ffree-form   -c ./src/v3/m_Diffusion_init.f90
gfortran -O4 -ffree-form   -c ./src/v3/m_Diffusion_diagnostics.f90
gfortran -O4 -ffree-form   -c ./src/v3/m_Diffusion_parse_params.f90
gfortran -O4 -ffree-form   -c ./src/v3/Diffusion.f90
gfortran -o Diffusion  m_Diffusion_precision.o m_Diffusion.o m_Diffusion_copy.o m_Diffusion_write.o m_Diffusion_alloc.o m_Diffusion_bc.o m_Diffusion_init.o m_Diffusion_diagnostics.o m_Diffusion_parse_params.o Diffusion.o 
 Program Diffusion started at 20230117-164407.028
rm -f __*.f90
rm -f __*.f90
rm -f m_Diffusion_precision.o m_Diffusion.o m_Diffusion_copy.o m_Diffusion_write.o m_Diffusion_alloc.o m_Diffusion_bc.o m_Diffusion_init.o m_Diffusion_diagnostics.o m_Diffusion_parse_params.o Diffusion.o
rm -f *.lst
rm -f *.mod
rm -f src/*/*.mod
rm -f *.l
rm -f *.L
rm -f *.daty
rm -rf alloc_data_bkp/*
rm -f Diffusion
rm -f *.o
gfortran -O4 -ffast-math -funroll-loops -ffree-form   -c ./src/v3/m_Diffusion_precision.f90
gfortran -O4 -ffast-math -funroll-loops -ffree-form   -c ./src/v3/m_Diffusion.f90
gfortran -O4 -ffast-math -funroll-loops -ffree-form   -c ./src/v3/m_Diffusion_copy.f90
gfortran -O4 -ffast-math -funroll-loops -ffree-form   -c ./src/v3/m_Diffusion_write.f90
gfortran -O4 -ffast-math -funroll-loops -ffree-form   -c ./src/v3/m_Diffusion_alloc.f90
gfortran -O4 -ffast-math -funroll-loops -ffree-form   -c ./src/v3/m_Diffusion_bc.f90
gfortran -O4 -ffast-math -funroll-loops -ffree-form   -c ./src/v3/m_Diffusion_init.f90
gfortran -O4 -ffast-math -funroll-loops -ffree-form   -c ./src/v3/m_Diffusion_diagnostics.f90
gfortran -O4 -ffast-math -funroll-loops -ffree-form   -c ./src/v3/m_Diffusion_parse_params.f90
gfortran -O4 -ffast-math -funroll-loops -ffree-form   -c ./src/v3/Diffusion.f90
gfortran -o Diffusion  m_Diffusion_precision.o m_Diffusion.o m_Diffusion_copy.o m_Diffusion_write.o m_Diffusion_alloc.o m_Diffusion_bc.o m_Diffusion_init.o m_Diffusion_diagnostics.o m_Diffusion_parse_params.o Diffusion.o 
 Program Diffusion started at 20230117-164413.349
rm -f __*.f90
rm -f __*.f90
rm -f m_Diffusion_precision.o m_Diffusion.o m_Diffusion_copy.o m_Diffusion_write.o m_Diffusion_alloc.o m_Diffusion_bc.o m_Diffusion_init.o m_Diffusion_diagnostics.o m_Diffusion_parse_params.o Diffusion.o
rm -f *.lst
rm -f *.mod
rm -f src/*/*.mod
rm -f *.l
rm -f *.L
rm -f *.daty
rm -rf alloc_data_bkp/*
rm -f Diffusion
rm -f *.o
gfortran -O0 -ffree-form   -c ./src/v1/m_Diffusion_precision.f90
gfortran -O0 -ffree-form   -c ./src/v1/m_Diffusion.f90
gfortran -O0 -ffree-form   -c ./src/v1/m_Diffusion_copy.f90
gfortran -O0 -ffree-form   -c ./src/v1/m_Diffusion_write.f90
gfortran -O0 -ffree-form   -c ./src/v1/m_Diffusion_alloc.f90
gfortran -O0 -ffree-form   -c ./src/v1/m_Diffusion_bc.f90
gfortran -O0 -ffree-form   -c ./src/v1/m_Diffusion_init.f90
gfortran -O0 -ffree-form   -c ./src/v1/m_Diffusion_diagnostics.f90
gfortran -O0 -ffree-form   -c ./src/v1/m_Diffusion_parse_params.f90
gfortran -O0 -ffree-form   -c ./src/v1/Diffusion.f90
gfortran -o Diffusion  m_Diffusion_precision.o m_Diffusion.o m_Diffusion_copy.o m_Diffusion_write.o m_Diffusion_alloc.o m_Diffusion_bc.o m_Diffusion_init.o m_Diffusion_diagnostics.o m_Diffusion_parse_params.o Diffusion.o 
 Program Diffusion started at 20230117-164418.655
rm -f __*.f90
rm -f __*.f90
rm -f m_Diffusion_precision.o m_Diffusion.o m_Diffusion_copy.o m_Diffusion_write.o m_Diffusion_alloc.o m_Diffusion_bc.o m_Diffusion_init.o m_Diffusion_diagnostics.o m_Diffusion_parse_params.o Diffusion.o
rm -f *.lst
rm -f *.mod
rm -f src/*/*.mod
rm -f *.l
rm -f *.L
rm -f *.daty
rm -rf alloc_data_bkp/*
rm -f Diffusion
rm -f *.o
gfortran -O0 -ffast-math -funroll-loops -ffree-form   -c ./src/v1/m_Diffusion_precision.f90
gfortran -O0 -ffast-math -funroll-loops -ffree-form   -c ./src/v1/m_Diffusion.f90
gfortran -O0 -ffast-math -funroll-loops -ffree-form   -c ./src/v1/m_Diffusion_copy.f90
gfortran -O0 -ffast-math -funroll-loops -ffree-form   -c ./src/v1/m_Diffusion_write.f90
gfortran -O0 -ffast-math -funroll-loops -ffree-form   -c ./src/v1/m_Diffusion_alloc.f90
gfortran -O0 -ffast-math -funroll-loops -ffree-form   -c ./src/v1/m_Diffusion_bc.f90
gfortran -O0 -ffast-math -funroll-loops -ffree-form   -c ./src/v1/m_Diffusion_init.f90
gfortran -O0 -ffast-math -funroll-loops -ffree-form   -c ./src/v1/m_Diffusion_diagnostics.f90
gfortran -O0 -ffast-math -funroll-loops -ffree-form   -c ./src/v1/m_Diffusion_parse_params.f90
gfortran -O0 -ffast-math -funroll-loops -ffree-form   -c ./src/v1/Diffusion.f90
gfortran -o Diffusion  m_Diffusion_precision.o m_Diffusion.o m_Diffusion_copy.o m_Diffusion_write.o m_Diffusion_alloc.o m_Diffusion_bc.o m_Diffusion_init.o m_Diffusion_diagnostics.o m_Diffusion_parse_params.o Diffusion.o 
 Program Diffusion started at 20230117-164456.226
rm -f __*.f90
rm -f __*.f90
rm -f m_Diffusion_precision.o m_Diffusion.o m_Diffusion_copy.o m_Diffusion_write.o m_Diffusion_alloc.o m_Diffusion_bc.o m_Diffusion_init.o m_Diffusion_diagnostics.o m_Diffusion_parse_params.o Diffusion.o
rm -f *.lst
rm -f *.mod
rm -f src/*/*.mod
rm -f *.l
rm -f *.L
rm -f *.daty
rm -rf alloc_data_bkp/*
rm -f Diffusion
rm -f *.o
gfortran -O1 -ffree-form   -c ./src/v1/m_Diffusion_precision.f90
gfortran -O1 -ffree-form   -c ./src/v1/m_Diffusion.f90
gfortran -O1 -ffree-form   -c ./src/v1/m_Diffusion_copy.f90
gfortran -O1 -ffree-form   -c ./src/v1/m_Diffusion_write.f90
gfortran -O1 -ffree-form   -c ./src/v1/m_Diffusion_alloc.f90
gfortran -O1 -ffree-form   -c ./src/v1/m_Diffusion_bc.f90
gfortran -O1 -ffree-form   -c ./src/v1/m_Diffusion_init.f90
gfortran -O1 -ffree-form   -c ./src/v1/m_Diffusion_diagnostics.f90
gfortran -O1 -ffree-form   -c ./src/v1/m_Diffusion_parse_params.f90
gfortran -O1 -ffree-form   -c ./src/v1/Diffusion.f90
gfortran -o Diffusion  m_Diffusion_precision.o m_Diffusion.o m_Diffusion_copy.o m_Diffusion_write.o m_Diffusion_alloc.o m_Diffusion_bc.o m_Diffusion_init.o m_Diffusion_diagnostics.o m_Diffusion_parse_params.o Diffusion.o 
 Program Diffusion started at 20230117-164533.843
rm -f __*.f90
rm -f __*.f90
rm -f m_Diffusion_precision.o m_Diffusion.o m_Diffusion_copy.o m_Diffusion_write.o m_Diffusion_alloc.o m_Diffusion_bc.o m_Diffusion_init.o m_Diffusion_diagnostics.o m_Diffusion_parse_params.o Diffusion.o
rm -f *.lst
rm -f *.mod
rm -f src/*/*.mod
rm -f *.l
rm -f *.L
rm -f *.daty
rm -rf alloc_data_bkp/*
rm -f Diffusion
rm -f *.o
gfortran -O1 -ffast-math -funroll-loops -ffree-form   -c ./src/v1/m_Diffusion_precision.f90
gfortran -O1 -ffast-math -funroll-loops -ffree-form   -c ./src/v1/m_Diffusion.f90
gfortran -O1 -ffast-math -funroll-loops -ffree-form   -c ./src/v1/m_Diffusion_copy.f90
gfortran -O1 -ffast-math -funroll-loops -ffree-form   -c ./src/v1/m_Diffusion_write.f90
gfortran -O1 -ffast-math -funroll-loops -ffree-form   -c ./src/v1/m_Diffusion_alloc.f90
gfortran -O1 -ffast-math -funroll-loops -ffree-form   -c ./src/v1/m_Diffusion_bc.f90
gfortran -O1 -ffast-math -funroll-loops -ffree-form   -c ./src/v1/m_Diffusion_init.f90
gfortran -O1 -ffast-math -funroll-loops -ffree-form   -c ./src/v1/m_Diffusion_diagnostics.f90
gfortran -O1 -ffast-math -funroll-loops -ffree-form   -c ./src/v1/m_Diffusion_parse_params.f90
gfortran -O1 -ffast-math -funroll-loops -ffree-form   -c ./src/v1/Diffusion.f90
gfortran -o Diffusion  m_Diffusion_precision.o m_Diffusion.o m_Diffusion_copy.o m_Diffusion_write.o m_Diffusion_alloc.o m_Diffusion_bc.o m_Diffusion_init.o m_Diffusion_diagnostics.o m_Diffusion_parse_params.o Diffusion.o 
 Program Diffusion started at 20230117-164548.273
rm -f __*.f90
rm -f __*.f90
rm -f m_Diffusion_precision.o m_Diffusion.o m_Diffusion_copy.o m_Diffusion_write.o m_Diffusion_alloc.o m_Diffusion_bc.o m_Diffusion_init.o m_Diffusion_diagnostics.o m_Diffusion_parse_params.o Diffusion.o
rm -f *.lst
rm -f *.mod
rm -f src/*/*.mod
rm -f *.l
rm -f *.L
rm -f *.daty
rm -rf alloc_data_bkp/*
rm -f Diffusion
rm -f *.o
gfortran -O2 -ffree-form   -c ./src/v1/m_Diffusion_precision.f90
gfortran -O2 -ffree-form   -c ./src/v1/m_Diffusion.f90
gfortran -O2 -ffree-form   -c ./src/v1/m_Diffusion_copy.f90
gfortran -O2 -ffree-form   -c ./src/v1/m_Diffusion_write.f90
gfortran -O2 -ffree-form   -c ./src/v1/m_Diffusion_alloc.f90
gfortran -O2 -ffree-form   -c ./src/v1/m_Diffusion_bc.f90
gfortran -O2 -ffree-form   -c ./src/v1/m_Diffusion_init.f90
gfortran -O2 -ffree-form   -c ./src/v1/m_Diffusion_diagnostics.f90
gfortran -O2 -ffree-form   -c ./src/v1/m_Diffusion_parse_params.f90
gfortran -O2 -ffree-form   -c ./src/v1/Diffusion.f90
gfortran -o Diffusion  m_Diffusion_precision.o m_Diffusion.o m_Diffusion_copy.o m_Diffusion_write.o m_Diffusion_alloc.o m_Diffusion_bc.o m_Diffusion_init.o m_Diffusion_diagnostics.o m_Diffusion_parse_params.o Diffusion.o 
 Program Diffusion started at 20230117-164603.270
rm -f __*.f90
rm -f __*.f90
rm -f m_Diffusion_precision.o m_Diffusion.o m_Diffusion_copy.o m_Diffusion_write.o m_Diffusion_alloc.o m_Diffusion_bc.o m_Diffusion_init.o m_Diffusion_diagnostics.o m_Diffusion_parse_params.o Diffusion.o
rm -f *.lst
rm -f *.mod
rm -f src/*/*.mod
rm -f *.l
rm -f *.L
rm -f *.daty
rm -rf alloc_data_bkp/*
rm -f Diffusion
rm -f *.o
gfortran -O2 -ffast-math -funroll-loops -ffree-form   -c ./src/v1/m_Diffusion_precision.f90
gfortran -O2 -ffast-math -funroll-loops -ffree-form   -c ./src/v1/m_Diffusion.f90
gfortran -O2 -ffast-math -funroll-loops -ffree-form   -c ./src/v1/m_Diffusion_copy.f90
gfortran -O2 -ffast-math -funroll-loops -ffree-form   -c ./src/v1/m_Diffusion_write.f90
gfortran -O2 -ffast-math -funroll-loops -ffree-form   -c ./src/v1/m_Diffusion_alloc.f90
gfortran -O2 -ffast-math -funroll-loops -ffree-form   -c ./src/v1/m_Diffusion_bc.f90
gfortran -O2 -ffast-math -funroll-loops -ffree-form   -c ./src/v1/m_Diffusion_init.f90
gfortran -O2 -ffast-math -funroll-loops -ffree-form   -c ./src/v1/m_Diffusion_diagnostics.f90
gfortran -O2 -ffast-math -funroll-loops -ffree-form   -c ./src/v1/m_Diffusion_parse_params.f90
gfortran -O2 -ffast-math -funroll-loops -ffree-form   -c ./src/v1/Diffusion.f90
gfortran -o Diffusion  m_Diffusion_precision.o m_Diffusion.o m_Diffusion_copy.o m_Diffusion_write.o m_Diffusion_alloc.o m_Diffusion_bc.o m_Diffusion_init.o m_Diffusion_diagnostics.o m_Diffusion_parse_params.o Diffusion.o 
 Program Diffusion started at 20230117-164614.321
rm -f __*.f90
rm -f __*.f90
rm -f m_Diffusion_precision.o m_Diffusion.o m_Diffusion_copy.o m_Diffusion_write.o m_Diffusion_alloc.o m_Diffusion_bc.o m_Diffusion_init.o m_Diffusion_diagnostics.o m_Diffusion_parse_params.o Diffusion.o
rm -f *.lst
rm -f *.mod
rm -f src/*/*.mod
rm -f *.l
rm -f *.L
rm -f *.daty
rm -rf alloc_data_bkp/*
rm -f Diffusion
rm -f *.o
gfortran -O3 -ffree-form   -c ./src/v1/m_Diffusion_precision.f90
gfortran -O3 -ffree-form   -c ./src/v1/m_Diffusion.f90
gfortran -O3 -ffree-form   -c ./src/v1/m_Diffusion_copy.f90
gfortran -O3 -ffree-form   -c ./src/v1/m_Diffusion_write.f90
gfortran -O3 -ffree-form   -c ./src/v1/m_Diffusion_alloc.f90
gfortran -O3 -ffree-form   -c ./src/v1/m_Diffusion_bc.f90
gfortran -O3 -ffree-form   -c ./src/v1/m_Diffusion_init.f90
gfortran -O3 -ffree-form   -c ./src/v1/m_Diffusion_diagnostics.f90
gfortran -O3 -ffree-form   -c ./src/v1/m_Diffusion_parse_params.f90
gfortran -O3 -ffree-form   -c ./src/v1/Diffusion.f90
gfortran -o Diffusion  m_Diffusion_precision.o m_Diffusion.o m_Diffusion_copy.o m_Diffusion_write.o m_Diffusion_alloc.o m_Diffusion_bc.o m_Diffusion_init.o m_Diffusion_diagnostics.o m_Diffusion_parse_params.o Diffusion.o 
 Program Diffusion started at 20230117-164625.292
rm -f __*.f90
rm -f __*.f90
rm -f m_Diffusion_precision.o m_Diffusion.o m_Diffusion_copy.o m_Diffusion_write.o m_Diffusion_alloc.o m_Diffusion_bc.o m_Diffusion_init.o m_Diffusion_diagnostics.o m_Diffusion_parse_params.o Diffusion.o
rm -f *.lst
rm -f *.mod
rm -f src/*/*.mod
rm -f *.l
rm -f *.L
rm -f *.daty
rm -rf alloc_data_bkp/*
rm -f Diffusion
rm -f *.o
gfortran -O3 -ffast-math -funroll-loops -ffree-form   -c ./src/v1/m_Diffusion_precision.f90
gfortran -O3 -ffast-math -funroll-loops -ffree-form   -c ./src/v1/m_Diffusion.f90
gfortran -O3 -ffast-math -funroll-loops -ffree-form   -c ./src/v1/m_Diffusion_copy.f90
gfortran -O3 -ffast-math -funroll-loops -ffree-form   -c ./src/v1/m_Diffusion_write.f90
gfortran -O3 -ffast-math -funroll-loops -ffree-form   -c ./src/v1/m_Diffusion_alloc.f90
gfortran -O3 -ffast-math -funroll-loops -ffree-form   -c ./src/v1/m_Diffusion_bc.f90
gfortran -O3 -ffast-math -funroll-loops -ffree-form   -c ./src/v1/m_Diffusion_init.f90
gfortran -O3 -ffast-math -funroll-loops -ffree-form   -c ./src/v1/m_Diffusion_diagnostics.f90
gfortran -O3 -ffast-math -funroll-loops -ffree-form   -c ./src/v1/m_Diffusion_parse_params.f90
gfortran -O3 -ffast-math -funroll-loops -ffree-form   -c ./src/v1/Diffusion.f90
gfortran -o Diffusion  m_Diffusion_precision.o m_Diffusion.o m_Diffusion_copy.o m_Diffusion_write.o m_Diffusion_alloc.o m_Diffusion_bc.o m_Diffusion_init.o m_Diffusion_diagnostics.o m_Diffusion_parse_params.o Diffusion.o 
 Program Diffusion started at 20230117-164636.318
rm -f __*.f90
rm -f __*.f90
rm -f m_Diffusion_precision.o m_Diffusion.o m_Diffusion_copy.o m_Diffusion_write.o m_Diffusion_alloc.o m_Diffusion_bc.o m_Diffusion_init.o m_Diffusion_diagnostics.o m_Diffusion_parse_params.o Diffusion.o
rm -f *.lst
rm -f *.mod
rm -f src/*/*.mod
rm -f *.l
rm -f *.L
rm -f *.daty
rm -rf alloc_data_bkp/*
rm -f Diffusion
rm -f *.o
gfortran -O4 -ffree-form   -c ./src/v1/m_Diffusion_precision.f90
gfortran -O4 -ffree-form   -c ./src/v1/m_Diffusion.f90
gfortran -O4 -ffree-form   -c ./src/v1/m_Diffusion_copy.f90
gfortran -O4 -ffree-form   -c ./src/v1/m_Diffusion_write.f90
gfortran -O4 -ffree-form   -c ./src/v1/m_Diffusion_alloc.f90
gfortran -O4 -ffree-form   -c ./src/v1/m_Diffusion_bc.f90
gfortran -O4 -ffree-form   -c ./src/v1/m_Diffusion_init.f90
gfortran -O4 -ffree-form   -c ./src/v1/m_Diffusion_diagnostics.f90
gfortran -O4 -ffree-form   -c ./src/v1/m_Diffusion_parse_params.f90
gfortran -O4 -ffree-form   -c ./src/v1/Diffusion.f90
gfortran -o Diffusion  m_Diffusion_precision.o m_Diffusion.o m_Diffusion_copy.o m_Diffusion_write.o m_Diffusion_alloc.o m_Diffusion_bc.o m_Diffusion_init.o m_Diffusion_diagnostics.o m_Diffusion_parse_params.o Diffusion.o 
 Program Diffusion started at 20230117-164644.873
rm -f __*.f90
rm -f __*.f90
rm -f m_Diffusion_precision.o m_Diffusion.o m_Diffusion_copy.o m_Diffusion_write.o m_Diffusion_alloc.o m_Diffusion_bc.o m_Diffusion_init.o m_Diffusion_diagnostics.o m_Diffusion_parse_params.o Diffusion.o
rm -f *.lst
rm -f *.mod
rm -f src/*/*.mod
rm -f *.l
rm -f *.L
rm -f *.daty
rm -rf alloc_data_bkp/*
rm -f Diffusion
rm -f *.o
gfortran -O4 -ffast-math -funroll-loops -ffree-form   -c ./src/v1/m_Diffusion_precision.f90
gfortran -O4 -ffast-math -funroll-loops -ffree-form   -c ./src/v1/m_Diffusion.f90
gfortran -O4 -ffast-math -funroll-loops -ffree-form   -c ./src/v1/m_Diffusion_copy.f90
gfortran -O4 -ffast-math -funroll-loops -ffree-form   -c ./src/v1/m_Diffusion_write.f90
gfortran -O4 -ffast-math -funroll-loops -ffree-form   -c ./src/v1/m_Diffusion_alloc.f90
gfortran -O4 -ffast-math -funroll-loops -ffree-form   -c ./src/v1/m_Diffusion_bc.f90
gfortran -O4 -ffast-math -funroll-loops -ffree-form   -c ./src/v1/m_Diffusion_init.f90
gfortran -O4 -ffast-math -funroll-loops -ffree-form   -c ./src/v1/m_Diffusion_diagnostics.f90
gfortran -O4 -ffast-math -funroll-loops -ffree-form   -c ./src/v1/m_Diffusion_parse_params.f90
gfortran -O4 -ffast-math -funroll-loops -ffree-form   -c ./src/v1/Diffusion.f90
gfortran -o Diffusion  m_Diffusion_precision.o m_Diffusion.o m_Diffusion_copy.o m_Diffusion_write.o m_Diffusion_alloc.o m_Diffusion_bc.o m_Diffusion_init.o m_Diffusion_diagnostics.o m_Diffusion_parse_params.o Diffusion.o 
 Program Diffusion started at 20230117-164655.893
rm -f __*.f90
rm -f __*.f90
rm -f m_Diffusion_precision.o m_Diffusion.o m_Diffusion_copy.o m_Diffusion_write.o m_Diffusion_alloc.o m_Diffusion_bc.o m_Diffusion_init.o m_Diffusion_diagnostics.o m_Diffusion_parse_params.o Diffusion.o
rm -f *.lst
rm -f *.mod
rm -f src/*/*.mod
rm -f *.l
rm -f *.L
rm -f *.daty
rm -rf alloc_data_bkp/*
rm -f Diffusion
rm -f *.o
gfortran -O0 -ffree-form   -c ./src/v2/m_Diffusion_precision.f90
gfortran -O0 -ffree-form   -c ./src/v2/m_Diffusion.f90
gfortran -O0 -ffree-form   -c ./src/v2/m_Diffusion_copy.f90
gfortran -O0 -ffree-form   -c ./src/v2/m_Diffusion_write.f90
gfortran -O0 -ffree-form   -c ./src/v2/m_Diffusion_alloc.f90
gfortran -O0 -ffree-form   -c ./src/v2/m_Diffusion_bc.f90
gfortran -O0 -ffree-form   -c ./src/v2/m_Diffusion_init.f90
gfortran -O0 -ffree-form   -c ./src/v2/m_Diffusion_diagnostics.f90
gfortran -O0 -ffree-form   -c ./src/v2/m_Diffusion_parse_params.f90
gfortran -O0 -ffree-form   -c ./src/v2/Diffusion.f90
gfortran -o Diffusion  m_Diffusion_precision.o m_Diffusion.o m_Diffusion_copy.o m_Diffusion_write.o m_Diffusion_alloc.o m_Diffusion_bc.o m_Diffusion_init.o m_Diffusion_diagnostics.o m_Diffusion_parse_params.o Diffusion.o 
 Program Diffusion started at 20230117-164704.072
rm -f __*.f90
rm -f __*.f90
rm -f m_Diffusion_precision.o m_Diffusion.o m_Diffusion_copy.o m_Diffusion_write.o m_Diffusion_alloc.o m_Diffusion_bc.o m_Diffusion_init.o m_Diffusion_diagnostics.o m_Diffusion_parse_params.o Diffusion.o
rm -f *.lst
rm -f *.mod
rm -f src/*/*.mod
rm -f *.l
rm -f *.L
rm -f *.daty
rm -rf alloc_data_bkp/*
rm -f Diffusion
rm -f *.o
gfortran -O0 -ffast-math -funroll-loops -ffree-form   -c ./src/v2/m_Diffusion_precision.f90
gfortran -O0 -ffast-math -funroll-loops -ffree-form   -c ./src/v2/m_Diffusion.f90
gfortran -O0 -ffast-math -funroll-loops -ffree-form   -c ./src/v2/m_Diffusion_copy.f90
gfortran -O0 -ffast-math -funroll-loops -ffree-form   -c ./src/v2/m_Diffusion_write.f90
gfortran -O0 -ffast-math -funroll-loops -ffree-form   -c ./src/v2/m_Diffusion_alloc.f90
gfortran -O0 -ffast-math -funroll-loops -ffree-form   -c ./src/v2/m_Diffusion_bc.f90
gfortran -O0 -ffast-math -funroll-loops -ffree-form   -c ./src/v2/m_Diffusion_init.f90
gfortran -O0 -ffast-math -funroll-loops -ffree-form   -c ./src/v2/m_Diffusion_diagnostics.f90
gfortran -O0 -ffast-math -funroll-loops -ffree-form   -c ./src/v2/m_Diffusion_parse_params.f90
gfortran -O0 -ffast-math -funroll-loops -ffree-form   -c ./src/v2/Diffusion.f90
gfortran -o Diffusion  m_Diffusion_precision.o m_Diffusion.o m_Diffusion_copy.o m_Diffusion_write.o m_Diffusion_alloc.o m_Diffusion_bc.o m_Diffusion_init.o m_Diffusion_diagnostics.o m_Diffusion_parse_params.o Diffusion.o 
 Program Diffusion started at 20230117-164747.317
rm -f __*.f90
rm -f __*.f90
rm -f m_Diffusion_precision.o m_Diffusion.o m_Diffusion_copy.o m_Diffusion_write.o m_Diffusion_alloc.o m_Diffusion_bc.o m_Diffusion_init.o m_Diffusion_diagnostics.o m_Diffusion_parse_params.o Diffusion.o
rm -f *.lst
rm -f *.mod
rm -f src/*/*.mod
rm -f *.l
rm -f *.L
rm -f *.daty
rm -rf alloc_data_bkp/*
rm -f Diffusion
rm -f *.o
gfortran -O1 -ffree-form   -c ./src/v2/m_Diffusion_precision.f90
gfortran -O1 -ffree-form   -c ./src/v2/m_Diffusion.f90
gfortran -O1 -ffree-form   -c ./src/v2/m_Diffusion_copy.f90
gfortran -O1 -ffree-form   -c ./src/v2/m_Diffusion_write.f90
gfortran -O1 -ffree-form   -c ./src/v2/m_Diffusion_alloc.f90
gfortran -O1 -ffree-form   -c ./src/v2/m_Diffusion_bc.f90
gfortran -O1 -ffree-form   -c ./src/v2/m_Diffusion_init.f90
gfortran -O1 -ffree-form   -c ./src/v2/m_Diffusion_diagnostics.f90
gfortran -O1 -ffree-form   -c ./src/v2/m_Diffusion_parse_params.f90
gfortran -O1 -ffree-form   -c ./src/v2/Diffusion.f90
gfortran -o Diffusion  m_Diffusion_precision.o m_Diffusion.o m_Diffusion_copy.o m_Diffusion_write.o m_Diffusion_alloc.o m_Diffusion_bc.o m_Diffusion_init.o m_Diffusion_diagnostics.o m_Diffusion_parse_params.o Diffusion.o 
 Program Diffusion started at 20230117-164830.657
rm -f __*.f90
rm -f __*.f90
rm -f m_Diffusion_precision.o m_Diffusion.o m_Diffusion_copy.o m_Diffusion_write.o m_Diffusion_alloc.o m_Diffusion_bc.o m_Diffusion_init.o m_Diffusion_diagnostics.o m_Diffusion_parse_params.o Diffusion.o
rm -f *.lst
rm -f *.mod
rm -f src/*/*.mod
rm -f *.l
rm -f *.L
rm -f *.daty
rm -rf alloc_data_bkp/*
rm -f Diffusion
rm -f *.o
gfortran -O1 -ffast-math -funroll-loops -ffree-form   -c ./src/v2/m_Diffusion_precision.f90
gfortran -O1 -ffast-math -funroll-loops -ffree-form   -c ./src/v2/m_Diffusion.f90
gfortran -O1 -ffast-math -funroll-loops -ffree-form   -c ./src/v2/m_Diffusion_copy.f90
gfortran -O1 -ffast-math -funroll-loops -ffree-form   -c ./src/v2/m_Diffusion_write.f90
gfortran -O1 -ffast-math -funroll-loops -ffree-form   -c ./src/v2/m_Diffusion_alloc.f90
gfortran -O1 -ffast-math -funroll-loops -ffree-form   -c ./src/v2/m_Diffusion_bc.f90
gfortran -O1 -ffast-math -funroll-loops -ffree-form   -c ./src/v2/m_Diffusion_init.f90
gfortran -O1 -ffast-math -funroll-loops -ffree-form   -c ./src/v2/m_Diffusion_diagnostics.f90
gfortran -O1 -ffast-math -funroll-loops -ffree-form   -c ./src/v2/m_Diffusion_parse_params.f90
gfortran -O1 -ffast-math -funroll-loops -ffree-form   -c ./src/v2/Diffusion.f90
gfortran -o Diffusion  m_Diffusion_precision.o m_Diffusion.o m_Diffusion_copy.o m_Diffusion_write.o m_Diffusion_alloc.o m_Diffusion_bc.o m_Diffusion_init.o m_Diffusion_diagnostics.o m_Diffusion_parse_params.o Diffusion.o 
 Program Diffusion started at 20230117-164852.800
rm -f __*.f90
rm -f __*.f90
rm -f m_Diffusion_precision.o m_Diffusion.o m_Diffusion_copy.o m_Diffusion_write.o m_Diffusion_alloc.o m_Diffusion_bc.o m_Diffusion_init.o m_Diffusion_diagnostics.o m_Diffusion_parse_params.o Diffusion.o
rm -f *.lst
rm -f *.mod
rm -f src/*/*.mod
rm -f *.l
rm -f *.L
rm -f *.daty
rm -rf alloc_data_bkp/*
rm -f Diffusion
rm -f *.o
gfortran -O2 -ffree-form   -c ./src/v2/m_Diffusion_precision.f90
gfortran -O2 -ffree-form   -c ./src/v2/m_Diffusion.f90
gfortran -O2 -ffree-form   -c ./src/v2/m_Diffusion_copy.f90
gfortran -O2 -ffree-form   -c ./src/v2/m_Diffusion_write.f90
gfortran -O2 -ffree-form   -c ./src/v2/m_Diffusion_alloc.f90
gfortran -O2 -ffree-form   -c ./src/v2/m_Diffusion_bc.f90
gfortran -O2 -ffree-form   -c ./src/v2/m_Diffusion_init.f90
gfortran -O2 -ffree-form   -c ./src/v2/m_Diffusion_diagnostics.f90
gfortran -O2 -ffree-form   -c ./src/v2/m_Diffusion_parse_params.f90
gfortran -O2 -ffree-form   -c ./src/v2/Diffusion.f90
gfortran -o Diffusion  m_Diffusion_precision.o m_Diffusion.o m_Diffusion_copy.o m_Diffusion_write.o m_Diffusion_alloc.o m_Diffusion_bc.o m_Diffusion_init.o m_Diffusion_diagnostics.o m_Diffusion_parse_params.o Diffusion.o 
 Program Diffusion started at 20230117-164915.285
rm -f __*.f90
rm -f __*.f90
rm -f m_Diffusion_precision.o m_Diffusion.o m_Diffusion_copy.o m_Diffusion_write.o m_Diffusion_alloc.o m_Diffusion_bc.o m_Diffusion_init.o m_Diffusion_diagnostics.o m_Diffusion_parse_params.o Diffusion.o
rm -f *.lst
rm -f *.mod
rm -f src/*/*.mod
rm -f *.l
rm -f *.L
rm -f *.daty
rm -rf alloc_data_bkp/*
rm -f Diffusion
rm -f *.o
gfortran -O2 -ffast-math -funroll-loops -ffree-form   -c ./src/v2/m_Diffusion_precision.f90
gfortran -O2 -ffast-math -funroll-loops -ffree-form   -c ./src/v2/m_Diffusion.f90
gfortran -O2 -ffast-math -funroll-loops -ffree-form   -c ./src/v2/m_Diffusion_copy.f90
gfortran -O2 -ffast-math -funroll-loops -ffree-form   -c ./src/v2/m_Diffusion_write.f90
gfortran -O2 -ffast-math -funroll-loops -ffree-form   -c ./src/v2/m_Diffusion_alloc.f90
gfortran -O2 -ffast-math -funroll-loops -ffree-form   -c ./src/v2/m_Diffusion_bc.f90
gfortran -O2 -ffast-math -funroll-loops -ffree-form   -c ./src/v2/m_Diffusion_init.f90
gfortran -O2 -ffast-math -funroll-loops -ffree-form   -c ./src/v2/m_Diffusion_diagnostics.f90
gfortran -O2 -ffast-math -funroll-loops -ffree-form   -c ./src/v2/m_Diffusion_parse_params.f90
gfortran -O2 -ffast-math -funroll-loops -ffree-form   -c ./src/v2/Diffusion.f90
gfortran -o Diffusion  m_Diffusion_precision.o m_Diffusion.o m_Diffusion_copy.o m_Diffusion_write.o m_Diffusion_alloc.o m_Diffusion_bc.o m_Diffusion_init.o m_Diffusion_diagnostics.o m_Diffusion_parse_params.o Diffusion.o 
 Program Diffusion started at 20230117-164926.579
rm -f __*.f90
rm -f __*.f90
rm -f m_Diffusion_precision.o m_Diffusion.o m_Diffusion_copy.o m_Diffusion_write.o m_Diffusion_alloc.o m_Diffusion_bc.o m_Diffusion_init.o m_Diffusion_diagnostics.o m_Diffusion_parse_params.o Diffusion.o
rm -f *.lst
rm -f *.mod
rm -f src/*/*.mod
rm -f *.l
rm -f *.L
rm -f *.daty
rm -rf alloc_data_bkp/*
rm -f Diffusion
rm -f *.o
gfortran -O3 -ffree-form   -c ./src/v2/m_Diffusion_precision.f90
gfortran -O3 -ffree-form   -c ./src/v2/m_Diffusion.f90
gfortran -O3 -ffree-form   -c ./src/v2/m_Diffusion_copy.f90
gfortran -O3 -ffree-form   -c ./src/v2/m_Diffusion_write.f90
gfortran -O3 -ffree-form   -c ./src/v2/m_Diffusion_alloc.f90
gfortran -O3 -ffree-form   -c ./src/v2/m_Diffusion_bc.f90
gfortran -O3 -ffree-form   -c ./src/v2/m_Diffusion_init.f90
gfortran -O3 -ffree-form   -c ./src/v2/m_Diffusion_diagnostics.f90
gfortran -O3 -ffree-form   -c ./src/v2/m_Diffusion_parse_params.f90
gfortran -O3 -ffree-form   -c ./src/v2/Diffusion.f90
gfortran -o Diffusion  m_Diffusion_precision.o m_Diffusion.o m_Diffusion_copy.o m_Diffusion_write.o m_Diffusion_alloc.o m_Diffusion_bc.o m_Diffusion_init.o m_Diffusion_diagnostics.o m_Diffusion_parse_params.o Diffusion.o 
 Program Diffusion started at 20230117-164938.411
rm -f __*.f90
rm -f __*.f90
rm -f m_Diffusion_precision.o m_Diffusion.o m_Diffusion_copy.o m_Diffusion_write.o m_Diffusion_alloc.o m_Diffusion_bc.o m_Diffusion_init.o m_Diffusion_diagnostics.o m_Diffusion_parse_params.o Diffusion.o
rm -f *.lst
rm -f *.mod
rm -f src/*/*.mod
rm -f *.l
rm -f *.L
rm -f *.daty
rm -rf alloc_data_bkp/*
rm -f Diffusion
rm -f *.o
gfortran -O3 -ffast-math -funroll-loops -ffree-form   -c ./src/v2/m_Diffusion_precision.f90
gfortran -O3 -ffast-math -funroll-loops -ffree-form   -c ./src/v2/m_Diffusion.f90
gfortran -O3 -ffast-math -funroll-loops -ffree-form   -c ./src/v2/m_Diffusion_copy.f90
gfortran -O3 -ffast-math -funroll-loops -ffree-form   -c ./src/v2/m_Diffusion_write.f90
gfortran -O3 -ffast-math -funroll-loops -ffree-form   -c ./src/v2/m_Diffusion_alloc.f90
gfortran -O3 -ffast-math -funroll-loops -ffree-form   -c ./src/v2/m_Diffusion_bc.f90
gfortran -O3 -ffast-math -funroll-loops -ffree-form   -c ./src/v2/m_Diffusion_init.f90
gfortran -O3 -ffast-math -funroll-loops -ffree-form   -c ./src/v2/m_Diffusion_diagnostics.f90
gfortran -O3 -ffast-math -funroll-loops -ffree-form   -c ./src/v2/m_Diffusion_parse_params.f90
gfortran -O3 -ffast-math -funroll-loops -ffree-form   -c ./src/v2/Diffusion.f90
gfortran -o Diffusion  m_Diffusion_precision.o m_Diffusion.o m_Diffusion_copy.o m_Diffusion_write.o m_Diffusion_alloc.o m_Diffusion_bc.o m_Diffusion_init.o m_Diffusion_diagnostics.o m_Diffusion_parse_params.o Diffusion.o 
 Program Diffusion started at 20230117-164949.521
rm -f __*.f90
rm -f __*.f90
rm -f m_Diffusion_precision.o m_Diffusion.o m_Diffusion_copy.o m_Diffusion_write.o m_Diffusion_alloc.o m_Diffusion_bc.o m_Diffusion_init.o m_Diffusion_diagnostics.o m_Diffusion_parse_params.o Diffusion.o
rm -f *.lst
rm -f *.mod
rm -f src/*/*.mod
rm -f *.l
rm -f *.L
rm -f *.daty
rm -rf alloc_data_bkp/*
rm -f Diffusion
rm -f *.o
gfortran -O4 -ffree-form   -c ./src/v2/m_Diffusion_precision.f90
gfortran -O4 -ffree-form   -c ./src/v2/m_Diffusion.f90
gfortran -O4 -ffree-form   -c ./src/v2/m_Diffusion_copy.f90
gfortran -O4 -ffree-form   -c ./src/v2/m_Diffusion_write.f90
gfortran -O4 -ffree-form   -c ./src/v2/m_Diffusion_alloc.f90
gfortran -O4 -ffree-form   -c ./src/v2/m_Diffusion_bc.f90
gfortran -O4 -ffree-form   -c ./src/v2/m_Diffusion_init.f90
gfortran -O4 -ffree-form   -c ./src/v2/m_Diffusion_diagnostics.f90
gfortran -O4 -ffree-form   -c ./src/v2/m_Diffusion_parse_params.f90
gfortran -O4 -ffree-form   -c ./src/v2/Diffusion.f90
gfortran -o Diffusion  m_Diffusion_precision.o m_Diffusion.o m_Diffusion_copy.o m_Diffusion_write.o m_Diffusion_alloc.o m_Diffusion_bc.o m_Diffusion_init.o m_Diffusion_diagnostics.o m_Diffusion_parse_params.o Diffusion.o 
 Program Diffusion started at 20230117-164959.104
rm -f __*.f90
rm -f __*.f90
rm -f m_Diffusion_precision.o m_Diffusion.o m_Diffusion_copy.o m_Diffusion_write.o m_Diffusion_alloc.o m_Diffusion_bc.o m_Diffusion_init.o m_Diffusion_diagnostics.o m_Diffusion_parse_params.o Diffusion.o
rm -f *.lst
rm -f *.mod
rm -f src/*/*.mod
rm -f *.l
rm -f *.L
rm -f *.daty
rm -rf alloc_data_bkp/*
rm -f Diffusion
rm -f *.o
gfortran -O4 -ffast-math -funroll-loops -ffree-form   -c ./src/v2/m_Diffusion_precision.f90
gfortran -O4 -ffast-math -funroll-loops -ffree-form   -c ./src/v2/m_Diffusion.f90
gfortran -O4 -ffast-math -funroll-loops -ffree-form   -c ./src/v2/m_Diffusion_copy.f90
gfortran -O4 -ffast-math -funroll-loops -ffree-form   -c ./src/v2/m_Diffusion_write.f90
gfortran -O4 -ffast-math -funroll-loops -ffree-form   -c ./src/v2/m_Diffusion_alloc.f90
gfortran -O4 -ffast-math -funroll-loops -ffree-form   -c ./src/v2/m_Diffusion_bc.f90
gfortran -O4 -ffast-math -funroll-loops -ffree-form   -c ./src/v2/m_Diffusion_init.f90
gfortran -O4 -ffast-math -funroll-loops -ffree-form   -c ./src/v2/m_Diffusion_diagnostics.f90
gfortran -O4 -ffast-math -funroll-loops -ffree-form   -c ./src/v2/m_Diffusion_parse_params.f90
gfortran -O4 -ffast-math -funroll-loops -ffree-form   -c ./src/v2/Diffusion.f90
gfortran -o Diffusion  m_Diffusion_precision.o m_Diffusion.o m_Diffusion_copy.o m_Diffusion_write.o m_Diffusion_alloc.o m_Diffusion_bc.o m_Diffusion_init.o m_Diffusion_diagnostics.o m_Diffusion_parse_params.o Diffusion.o 
 Program Diffusion started at 20230117-165010.195
rm -f __*.f90
rm -f __*.f90
rm -f m_Diffusion_precision.o m_Diffusion.o m_Diffusion_copy.o m_Diffusion_write.o m_Diffusion_alloc.o m_Diffusion_bc.o m_Diffusion_init.o m_Diffusion_diagnostics.o m_Diffusion_parse_params.o Diffusion.o
rm -f *.lst
rm -f *.mod
rm -f src/*/*.mod
rm -f *.l
rm -f *.L
rm -f *.daty
rm -rf alloc_data_bkp/*
rm -f Diffusion
rm -f *.o
gfortran -O0 -ffree-form   -c ./src/v3/m_Diffusion_precision.f90
gfortran -O0 -ffree-form   -c ./src/v3/m_Diffusion.f90
gfortran -O0 -ffree-form   -c ./src/v3/m_Diffusion_copy.f90
gfortran -O0 -ffree-form   -c ./src/v3/m_Diffusion_write.f90
gfortran -O0 -ffree-form   -c ./src/v3/m_Diffusion_alloc.f90
gfortran -O0 -ffree-form   -c ./src/v3/m_Diffusion_bc.f90
gfortran -O0 -ffree-form   -c ./src/v3/m_Diffusion_init.f90
gfortran -O0 -ffree-form   -c ./src/v3/m_Diffusion_diagnostics.f90
gfortran -O0 -ffree-form   -c ./src/v3/m_Diffusion_parse_params.f90
gfortran -O0 -ffree-form   -c ./src/v3/Diffusion.f90
gfortran -o Diffusion  m_Diffusion_precision.o m_Diffusion.o m_Diffusion_copy.o m_Diffusion_write.o m_Diffusion_alloc.o m_Diffusion_bc.o m_Diffusion_init.o m_Diffusion_diagnostics.o m_Diffusion_parse_params.o Diffusion.o 
 Program Diffusion started at 20230117-165019.436
rm -f __*.f90
rm -f __*.f90
rm -f m_Diffusion_precision.o m_Diffusion.o m_Diffusion_copy.o m_Diffusion_write.o m_Diffusion_alloc.o m_Diffusion_bc.o m_Diffusion_init.o m_Diffusion_diagnostics.o m_Diffusion_parse_params.o Diffusion.o
rm -f *.lst
rm -f *.mod
rm -f src/*/*.mod
rm -f *.l
rm -f *.L
rm -f *.daty
rm -rf alloc_data_bkp/*
rm -f Diffusion
rm -f *.o
gfortran -O0 -ffast-math -funroll-loops -ffree-form   -c ./src/v3/m_Diffusion_precision.f90
gfortran -O0 -ffast-math -funroll-loops -ffree-form   -c ./src/v3/m_Diffusion.f90
gfortran -O0 -ffast-math -funroll-loops -ffree-form   -c ./src/v3/m_Diffusion_copy.f90
gfortran -O0 -ffast-math -funroll-loops -ffree-form   -c ./src/v3/m_Diffusion_write.f90
gfortran -O0 -ffast-math -funroll-loops -ffree-form   -c ./src/v3/m_Diffusion_alloc.f90
gfortran -O0 -ffast-math -funroll-loops -ffree-form   -c ./src/v3/m_Diffusion_bc.f90
gfortran -O0 -ffast-math -funroll-loops -ffree-form   -c ./src/v3/m_Diffusion_init.f90
gfortran -O0 -ffast-math -funroll-loops -ffree-form   -c ./src/v3/m_Diffusion_diagnostics.f90
gfortran -O0 -ffast-math -funroll-loops -ffree-form   -c ./src/v3/m_Diffusion_parse_params.f90
gfortran -O0 -ffast-math -funroll-loops -ffree-form   -c ./src/v3/Diffusion.f90
gfortran -o Diffusion  m_Diffusion_precision.o m_Diffusion.o m_Diffusion_copy.o m_Diffusion_write.o m_Diffusion_alloc.o m_Diffusion_bc.o m_Diffusion_init.o m_Diffusion_diagnostics.o m_Diffusion_parse_params.o Diffusion.o 
 Program Diffusion started at 20230117-165051.850
rm -f __*.f90
rm -f __*.f90
rm -f m_Diffusion_precision.o m_Diffusion.o m_Diffusion_copy.o m_Diffusion_write.o m_Diffusion_alloc.o m_Diffusion_bc.o m_Diffusion_init.o m_Diffusion_diagnostics.o m_Diffusion_parse_params.o Diffusion.o
rm -f *.lst
rm -f *.mod
rm -f src/*/*.mod
rm -f *.l
rm -f *.L
rm -f *.daty
rm -rf alloc_data_bkp/*
rm -f Diffusion
rm -f *.o
gfortran -O1 -ffree-form   -c ./src/v3/m_Diffusion_precision.f90
gfortran -O1 -ffree-form   -c ./src/v3/m_Diffusion.f90
gfortran -O1 -ffree-form   -c ./src/v3/m_Diffusion_copy.f90
gfortran -O1 -ffree-form   -c ./src/v3/m_Diffusion_write.f90
gfortran -O1 -ffree-form   -c ./src/v3/m_Diffusion_alloc.f90
gfortran -O1 -ffree-form   -c ./src/v3/m_Diffusion_bc.f90
gfortran -O1 -ffree-form   -c ./src/v3/m_Diffusion_init.f90
gfortran -O1 -ffree-form   -c ./src/v3/m_Diffusion_diagnostics.f90
gfortran -O1 -ffree-form   -c ./src/v3/m_Diffusion_parse_params.f90
gfortran -O1 -ffree-form   -c ./src/v3/Diffusion.f90
gfortran -o Diffusion  m_Diffusion_precision.o m_Diffusion.o m_Diffusion_copy.o m_Diffusion_write.o m_Diffusion_alloc.o m_Diffusion_bc.o m_Diffusion_init.o m_Diffusion_diagnostics.o m_Diffusion_parse_params.o Diffusion.o 
 Program Diffusion started at 20230117-165123.813
rm -f __*.f90
rm -f __*.f90
rm -f m_Diffusion_precision.o m_Diffusion.o m_Diffusion_copy.o m_Diffusion_write.o m_Diffusion_alloc.o m_Diffusion_bc.o m_Diffusion_init.o m_Diffusion_diagnostics.o m_Diffusion_parse_params.o Diffusion.o
rm -f *.lst
rm -f *.mod
rm -f src/*/*.mod
rm -f *.l
rm -f *.L
rm -f *.daty
rm -rf alloc_data_bkp/*
rm -f Diffusion
rm -f *.o
gfortran -O1 -ffast-math -funroll-loops -ffree-form   -c ./src/v3/m_Diffusion_precision.f90
gfortran -O1 -ffast-math -funroll-loops -ffree-form   -c ./src/v3/m_Diffusion.f90
gfortran -O1 -ffast-math -funroll-loops -ffree-form   -c ./src/v3/m_Diffusion_copy.f90
gfortran -O1 -ffast-math -funroll-loops -ffree-form   -c ./src/v3/m_Diffusion_write.f90
gfortran -O1 -ffast-math -funroll-loops -ffree-form   -c ./src/v3/m_Diffusion_alloc.f90
gfortran -O1 -ffast-math -funroll-loops -ffree-form   -c ./src/v3/m_Diffusion_bc.f90
gfortran -O1 -ffast-math -funroll-loops -ffree-form   -c ./src/v3/m_Diffusion_init.f90
gfortran -O1 -ffast-math -funroll-loops -ffree-form   -c ./src/v3/m_Diffusion_diagnostics.f90
gfortran -O1 -ffast-math -funroll-loops -ffree-form   -c ./src/v3/m_Diffusion_parse_params.f90
gfortran -O1 -ffast-math -funroll-loops -ffree-form   -c ./src/v3/Diffusion.f90
gfortran -o Diffusion  m_Diffusion_precision.o m_Diffusion.o m_Diffusion_copy.o m_Diffusion_write.o m_Diffusion_alloc.o m_Diffusion_bc.o m_Diffusion_init.o m_Diffusion_diagnostics.o m_Diffusion_parse_params.o Diffusion.o 
 Program Diffusion started at 20230117-165137.268
rm -f __*.f90
rm -f __*.f90
rm -f m_Diffusion_precision.o m_Diffusion.o m_Diffusion_copy.o m_Diffusion_write.o m_Diffusion_alloc.o m_Diffusion_bc.o m_Diffusion_init.o m_Diffusion_diagnostics.o m_Diffusion_parse_params.o Diffusion.o
rm -f *.lst
rm -f *.mod
rm -f src/*/*.mod
rm -f *.l
rm -f *.L
rm -f *.daty
rm -rf alloc_data_bkp/*
rm -f Diffusion
rm -f *.o
gfortran -O2 -ffree-form   -c ./src/v3/m_Diffusion_precision.f90
gfortran -O2 -ffree-form   -c ./src/v3/m_Diffusion.f90
gfortran -O2 -ffree-form   -c ./src/v3/m_Diffusion_copy.f90
gfortran -O2 -ffree-form   -c ./src/v3/m_Diffusion_write.f90
gfortran -O2 -ffree-form   -c ./src/v3/m_Diffusion_alloc.f90
gfortran -O2 -ffree-form   -c ./src/v3/m_Diffusion_bc.f90
gfortran -O2 -ffree-form   -c ./src/v3/m_Diffusion_init.f90
gfortran -O2 -ffree-form   -c ./src/v3/m_Diffusion_diagnostics.f90
gfortran -O2 -ffree-form   -c ./src/v3/m_Diffusion_parse_params.f90
gfortran -O2 -ffree-form   -c ./src/v3/Diffusion.f90
gfortran -o Diffusion  m_Diffusion_precision.o m_Diffusion.o m_Diffusion_copy.o m_Diffusion_write.o m_Diffusion_alloc.o m_Diffusion_bc.o m_Diffusion_init.o m_Diffusion_diagnostics.o m_Diffusion_parse_params.o Diffusion.o 
 Program Diffusion started at 20230117-165151.861
rm -f __*.f90
rm -f __*.f90
rm -f m_Diffusion_precision.o m_Diffusion.o m_Diffusion_copy.o m_Diffusion_write.o m_Diffusion_alloc.o m_Diffusion_bc.o m_Diffusion_init.o m_Diffusion_diagnostics.o m_Diffusion_parse_params.o Diffusion.o
rm -f *.lst
rm -f *.mod
rm -f src/*/*.mod
rm -f *.l
rm -f *.L
rm -f *.daty
rm -rf alloc_data_bkp/*
rm -f Diffusion
rm -f *.o
gfortran -O2 -ffast-math -funroll-loops -ffree-form   -c ./src/v3/m_Diffusion_precision.f90
gfortran -O2 -ffast-math -funroll-loops -ffree-form   -c ./src/v3/m_Diffusion.f90
gfortran -O2 -ffast-math -funroll-loops -ffree-form   -c ./src/v3/m_Diffusion_copy.f90
gfortran -O2 -ffast-math -funroll-loops -ffree-form   -c ./src/v3/m_Diffusion_write.f90
gfortran -O2 -ffast-math -funroll-loops -ffree-form   -c ./src/v3/m_Diffusion_alloc.f90
gfortran -O2 -ffast-math -funroll-loops -ffree-form   -c ./src/v3/m_Diffusion_bc.f90
gfortran -O2 -ffast-math -funroll-loops -ffree-form   -c ./src/v3/m_Diffusion_init.f90
gfortran -O2 -ffast-math -funroll-loops -ffree-form   -c ./src/v3/m_Diffusion_diagnostics.f90
gfortran -O2 -ffast-math -funroll-loops -ffree-form   -c ./src/v3/m_Diffusion_parse_params.f90
gfortran -O2 -ffast-math -funroll-loops -ffree-form   -c ./src/v3/Diffusion.f90
gfortran -o Diffusion  m_Diffusion_precision.o m_Diffusion.o m_Diffusion_copy.o m_Diffusion_write.o m_Diffusion_alloc.o m_Diffusion_bc.o m_Diffusion_init.o m_Diffusion_diagnostics.o m_Diffusion_parse_params.o Diffusion.o 
 Program Diffusion started at 20230117-165201.959
rm -f __*.f90
rm -f __*.f90
rm -f m_Diffusion_precision.o m_Diffusion.o m_Diffusion_copy.o m_Diffusion_write.o m_Diffusion_alloc.o m_Diffusion_bc.o m_Diffusion_init.o m_Diffusion_diagnostics.o m_Diffusion_parse_params.o Diffusion.o
rm -f *.lst
rm -f *.mod
rm -f src/*/*.mod
rm -f *.l
rm -f *.L
rm -f *.daty
rm -rf alloc_data_bkp/*
rm -f Diffusion
rm -f *.o
gfortran -O3 -ffree-form   -c ./src/v3/m_Diffusion_precision.f90
gfortran -O3 -ffree-form   -c ./src/v3/m_Diffusion.f90
gfortran -O3 -ffree-form   -c ./src/v3/m_Diffusion_copy.f90
gfortran -O3 -ffree-form   -c ./src/v3/m_Diffusion_write.f90
gfortran -O3 -ffree-form   -c ./src/v3/m_Diffusion_alloc.f90
gfortran -O3 -ffree-form   -c ./src/v3/m_Diffusion_bc.f90
gfortran -O3 -ffree-form   -c ./src/v3/m_Diffusion_init.f90
gfortran -O3 -ffree-form   -c ./src/v3/m_Diffusion_diagnostics.f90
gfortran -O3 -ffree-form   -c ./src/v3/m_Diffusion_parse_params.f90
gfortran -O3 -ffree-form   -c ./src/v3/Diffusion.f90
gfortran -o Diffusion  m_Diffusion_precision.o m_Diffusion.o m_Diffusion_copy.o m_Diffusion_write.o m_Diffusion_alloc.o m_Diffusion_bc.o m_Diffusion_init.o m_Diffusion_diagnostics.o m_Diffusion_parse_params.o Diffusion.o 
 Program Diffusion started at 20230117-165211.989
rm -f __*.f90
rm -f __*.f90
rm -f m_Diffusion_precision.o m_Diffusion.o m_Diffusion_copy.o m_Diffusion_write.o m_Diffusion_alloc.o m_Diffusion_bc.o m_Diffusion_init.o m_Diffusion_diagnostics.o m_Diffusion_parse_params.o Diffusion.o
rm -f *.lst
rm -f *.mod
rm -f src/*/*.mod
rm -f *.l
rm -f *.L
rm -f *.daty
rm -rf alloc_data_bkp/*
rm -f Diffusion
rm -f *.o
gfortran -O3 -ffast-math -funroll-loops -ffree-form   -c ./src/v3/m_Diffusion_precision.f90
gfortran -O3 -ffast-math -funroll-loops -ffree-form   -c ./src/v3/m_Diffusion.f90
gfortran -O3 -ffast-math -funroll-loops -ffree-form   -c ./src/v3/m_Diffusion_copy.f90
gfortran -O3 -ffast-math -funroll-loops -ffree-form   -c ./src/v3/m_Diffusion_write.f90
gfortran -O3 -ffast-math -funroll-loops -ffree-form   -c ./src/v3/m_Diffusion_alloc.f90
gfortran -O3 -ffast-math -funroll-loops -ffree-form   -c ./src/v3/m_Diffusion_bc.f90
gfortran -O3 -ffast-math -funroll-loops -ffree-form   -c ./src/v3/m_Diffusion_init.f90
gfortran -O3 -ffast-math -funroll-loops -ffree-form   -c ./src/v3/m_Diffusion_diagnostics.f90
gfortran -O3 -ffast-math -funroll-loops -ffree-form   -c ./src/v3/m_Diffusion_parse_params.f90
gfortran -O3 -ffast-math -funroll-loops -ffree-form   -c ./src/v3/Diffusion.f90
gfortran -o Diffusion  m_Diffusion_precision.o m_Diffusion.o m_Diffusion_copy.o m_Diffusion_write.o m_Diffusion_alloc.o m_Diffusion_bc.o m_Diffusion_init.o m_Diffusion_diagnostics.o m_Diffusion_parse_params.o Diffusion.o 
 Program Diffusion started at 20230117-165220.757
rm -f __*.f90
rm -f __*.f90
rm -f m_Diffusion_precision.o m_Diffusion.o m_Diffusion_copy.o m_Diffusion_write.o m_Diffusion_alloc.o m_Diffusion_bc.o m_Diffusion_init.o m_Diffusion_diagnostics.o m_Diffusion_parse_params.o Diffusion.o
rm -f *.lst
rm -f *.mod
rm -f src/*/*.mod
rm -f *.l
rm -f *.L
rm -f *.daty
rm -rf alloc_data_bkp/*
rm -f Diffusion
rm -f *.o
gfortran -O4 -ffree-form   -c ./src/v3/m_Diffusion_precision.f90
gfortran -O4 -ffree-form   -c ./src/v3/m_Diffusion.f90
gfortran -O4 -ffree-form   -c ./src/v3/m_Diffusion_copy.f90
gfortran -O4 -ffree-form   -c ./src/v3/m_Diffusion_write.f90
gfortran -O4 -ffree-form   -c ./src/v3/m_Diffusion_alloc.f90
gfortran -O4 -ffree-form   -c ./src/v3/m_Diffusion_bc.f90
gfortran -O4 -ffree-form   -c ./src/v3/m_Diffusion_init.f90
gfortran -O4 -ffree-form   -c ./src/v3/m_Diffusion_diagnostics.f90
gfortran -O4 -ffree-form   -c ./src/v3/m_Diffusion_parse_params.f90
gfortran -O4 -ffree-form   -c ./src/v3/Diffusion.f90
gfortran -o Diffusion  m_Diffusion_precision.o m_Diffusion.o m_Diffusion_copy.o m_Diffusion_write.o m_Diffusion_alloc.o m_Diffusion_bc.o m_Diffusion_init.o m_Diffusion_diagnostics.o m_Diffusion_parse_params.o Diffusion.o 
 Program Diffusion started at 20230117-165229.444
rm -f __*.f90
rm -f __*.f90
rm -f m_Diffusion_precision.o m_Diffusion.o m_Diffusion_copy.o m_Diffusion_write.o m_Diffusion_alloc.o m_Diffusion_bc.o m_Diffusion_init.o m_Diffusion_diagnostics.o m_Diffusion_parse_params.o Diffusion.o
rm -f *.lst
rm -f *.mod
rm -f src/*/*.mod
rm -f *.l
rm -f *.L
rm -f *.daty
rm -rf alloc_data_bkp/*
rm -f Diffusion
rm -f *.o
gfortran -O4 -ffast-math -funroll-loops -ffree-form   -c ./src/v3/m_Diffusion_precision.f90
gfortran -O4 -ffast-math -funroll-loops -ffree-form   -c ./src/v3/m_Diffusion.f90
gfortran -O4 -ffast-math -funroll-loops -ffree-form   -c ./src/v3/m_Diffusion_copy.f90
gfortran -O4 -ffast-math -funroll-loops -ffree-form   -c ./src/v3/m_Diffusion_write.f90
gfortran -O4 -ffast-math -funroll-loops -ffree-form   -c ./src/v3/m_Diffusion_alloc.f90
gfortran -O4 -ffast-math -funroll-loops -ffree-form   -c ./src/v3/m_Diffusion_bc.f90
gfortran -O4 -ffast-math -funroll-loops -ffree-form   -c ./src/v3/m_Diffusion_init.f90
gfortran -O4 -ffast-math -funroll-loops -ffree-form   -c ./src/v3/m_Diffusion_diagnostics.f90
gfortran -O4 -ffast-math -funroll-loops -ffree-form   -c ./src/v3/m_Diffusion_parse_params.f90
gfortran -O4 -ffast-math -funroll-loops -ffree-form   -c ./src/v3/Diffusion.f90
gfortran -o Diffusion  m_Diffusion_precision.o m_Diffusion.o m_Diffusion_copy.o m_Diffusion_write.o m_Diffusion_alloc.o m_Diffusion_bc.o m_Diffusion_init.o m_Diffusion_diagnostics.o m_Diffusion_parse_params.o Diffusion.o 
 Program Diffusion started at 20230117-165238.192

------------------------------------------------------------
Sender: LSF System <lsfadmin@hpc.dtu.dk>
Subject: Job 15204652: <My_job> in cluster <dcc> Done

Job <My_job> was submitted from host <hpclogin1> by user <podabb> in cluster <dcc> at Tue Jan 17 16:36:35 2023
Job was executed on host(s) <n-62-21-107>, in queue <hpc>, as user <podabb> in cluster <dcc> at Tue Jan 17 16:36:35 2023
</zhome/6d/0/188663> was used as the home directory.
</zhome/6d/0/188663/hpc_fortran_course/HPCCourse/Week3/ExcerciseDay11> was used as the working directory.
Started at Tue Jan 17 16:36:35 2023
Terminated at Tue Jan 17 16:52:45 2023
Results reported at Tue Jan 17 16:52:45 2023

Your job looked like:

------------------------------------------------------------
# LSBATCH: User input
#!/bin/bash

# https://www.hpc.dtu.dk/?page_id=1416
#BSUB -q hpc
# use the same CPU model as the hpcintro queue
#BSUB -R "select[model == XeonE5_2650v4]"
#BSUB -J My_job
# ask for 24 cores (a full node)
#BSUB -n 1
# #BSUB -R "span[hosts=1]"
#BSUB -R "rusage[mem=2GB]"
#BSUB -W 180
#BSUB -o Output_%J.out
#BSUB -e Error_%J.err 

module load gcc/11.3.0-binutils-2.38
#module add mpi/4.1.4-gcc-11.3.0-binutils-2.38
lscpu

#Jacobi
# make one full data to ensure the results are correct
cat > sample_input.txt <<- END

Nt = 100
Nx = 4097
Ny = 4097
D = 1.0
Dt = 1E-4
vb = .FALSE.

END

# version v1: unmodified from the excercise day5
# version v2: v1 with Pointers insted of allocatable
# version v3: Making improvements on v1 (defining temporary variables and subsitiuting division with multipilication)
# Change optimization level

#single vs double precisions
for MK in MKS MKD
do
# different versions
for v in v1 v2 v3
do
cat > ./src/${v}/m_Diffusion_precision.f90 <<- E

MODULE m_Diffusion_precision
   INTEGER, PARAMETER :: MKS = KIND(1.0E0)
   INTEGER, PARAMETER :: MKD = KIND(1.0D0)
   INTEGER, PARAMETER :: MK = ${MK}
END MODULE m_Diffusion_precision

(... more ...)
------------------------------------------------------------

Successfully completed.

Resource usage summary:

    CPU time :                                   958.09 sec.
    Max Memory :                                 260 MB
    Average Memory :                             165.62 MB
    Total Requested Memory :                     2048.00 MB
    Delta Memory :                               1788.00 MB
    Max Swap :                                   -
    Max Processes :                              6
    Max Threads :                                7
    Run time :                                   970 sec.
    Turnaround time :                            970 sec.

The output (if any) is above this job summary.



PS:

Read file <Error_15204652.err> for stderr output of this job.

