Architecture:          x86_64
CPU op-mode(s):        32-bit, 64-bit
Byte Order:            Little Endian
CPU(s):                24
On-line CPU(s) list:   0-23
Thread(s) per core:    1
Core(s) per socket:    12
Socket(s):             2
NUMA node(s):          2
Vendor ID:             GenuineIntel
CPU family:            6
Model:                 79
Model name:            Intel(R) Xeon(R) CPU E5-2650 v4 @ 2.20GHz
Stepping:              1
CPU MHz:               2499.975
CPU max MHz:           2900.0000
CPU min MHz:           1200.0000
BogoMIPS:              4390.22
Virtualization:        VT-x
L1d cache:             32K
L1i cache:             32K
L2 cache:              256K
L3 cache:              30720K
NUMA node0 CPU(s):     0-11
NUMA node1 CPU(s):     12-23
Flags:                 fpu vme de pse tsc msr pae mce cx8 apic sep mtrr pge mca cmov pat pse36 clflush dts acpi mmx fxsr sse sse2 ss ht tm pbe syscall nx pdpe1gb rdtscp lm constant_tsc arch_perfmon pebs bts rep_good nopl xtopology nonstop_tsc aperfmperf eagerfpu pni pclmulqdq dtes64 ds_cpl vmx smx est tm2 ssse3 sdbg fma cx16 xtpr pdcm pcid dca sse4_1 sse4_2 x2apic movbe popcnt tsc_deadline_timer aes xsave avx f16c rdrand lahf_lm abm 3dnowprefetch epb cat_l3 cdp_l3 invpcid_single intel_ppin ssbd rsb_ctxsw ibrs ibpb stibp tpr_shadow vnmi flexpriority ept vpid fsgsbase tsc_adjust bmi1 hle avx2 smep bmi2 erms invpcid rtm cqm rdt_a rdseed adx smap intel_pt xsaveopt cqm_llc cqm_occup_llc cqm_mbm_total cqm_mbm_local dtherm ida arat pln pts md_clear spec_ctrl intel_stibp flush_l1d
gfortran -c -O3 -ffast-math -funroll-loops -fopenmp precision.f90
gfortran -c -O3 -ffast-math -funroll-loops -fopenmp poisson_utils.f90
gfortran -c -O3 -ffast-math -funroll-loops -fopenmp poisson_methods.f90
gcc -c write_vtk.c
gfortran -c -O3 -ffast-math -funroll-loops -fopenmp poisson3d.f90
gfortran -O3 -ffast-math -funroll-loops -fopenmp poisson3d.o precision.o poisson_methods.o poisson_utils.o write_vtk.o -o poisson3d

------------------------------------------------------------
Sender: LSF System <lsfadmin@hpc.dtu.dk>
Subject: Job 15187864: <My_job> in cluster <dcc> Done

Job <My_job> was submitted from host <hpclogin1> by user <podabb> in cluster <dcc> at Sat Jan 14 23:44:35 2023
Job was executed on host(s) <n-62-21-107>, in queue <hpc>, as user <podabb> in cluster <dcc> at Sat Jan 14 23:44:36 2023
</zhome/6d/0/188663> was used as the home directory.
</zhome/6d/0/188663/hpc_fortran_course/Assignment2/Poisson3D_Sequential> was used as the working directory.
Started at Sat Jan 14 23:44:36 2023
Terminated at Sat Jan 14 23:45:47 2023
Results reported at Sat Jan 14 23:45:47 2023

Your job looked like:

------------------------------------------------------------
# LSBATCH: User input
#!/bin/bash

# https://www.hpc.dtu.dk/?page_id=1416
#BSUB -q hpc
# use the same CPU model as the hpcintro queue
#BSUB -R "select[model == XeonE5_2650v4]"
#BSUB -J My_job
# ask for 24 cores (a full node)
#BSUB -n 1
#BSUB -R "span[hosts=1]"
#BSUB -R "rusage[mem=2GB]"
#BSUB -W 180
#BSUB -o Output_%J.out
#BSUB -e Error_%J.err 

# add your module, if needed, and uncomment
#module load ...

# If you want to see the HW specs, uncomment the next line


# Set these before running (and uncomment)
# export OMP_PLACES=
# export OMP_PROC_BIND=

# Optional, it will print the OMP environment settings in the error file
# export OMP_DISPLAY_ENV=true

# loop over different number of threads (adjust list if needed)

module load gcc/10.3.0-binutils-2.36.1
lscpu
make new

itermax=10000

#Jacobi
# make one full data to ensure the results are correct
cat > input.dat <<- END

&INPUT
  N = 100
  itermax = ${itermax}
  T0 = 10.
  tolerance = 1e-5
  output = 1
  algorithm = 1
  full = 1
/


(... more ...)
------------------------------------------------------------

Successfully completed.

Resource usage summary:

    CPU time :                                   68.99 sec.
    Max Memory :                                 28 MB
    Average Memory :                             28.00 MB
    Total Requested Memory :                     2048.00 MB
    Delta Memory :                               2020.00 MB
    Max Swap :                                   -
    Max Processes :                              4
    Max Threads :                                5
    Run time :                                   71 sec.
    Turnaround time :                            72 sec.

The output (if any) is above this job summary.



PS:

Read file <Error_15187864.err> for stderr output of this job.

