Loaded dependency [python3/3.11.0]: gcc/11.3.0-binutils-2.38
Loaded module: python3/3.11.0

Loading python3/3.11.0
  Loading requirement: gcc/11.3.0-binutils-2.38
Loaded module: gcc/10.3.0-binutils-2.36.1
poisson_methods.f90:104:23:

  104 |       do t = 1, itermax
      |                       ^
Error: ‘itermax’ not specified in enclosing ‘parallel’
poisson_methods.f90:103:63:

  103 |       !$OMP& shared(iters, u, d, notconverged, N, tol2, delta2)
      |                                                               ^
Error: enclosing ‘parallel’
poisson_methods.f90:126:50:

  126 |                         delta2 * f(i-1, j-1, k-1))
      |                                                  ^
Error: ‘f’ not specified in enclosing ‘parallel’
poisson_methods.f90:103:63:

  103 |       !$OMP& shared(iters, u, d, notconverged, N, tol2, delta2)
      |                                                               ^
Error: enclosing ‘parallel’
make: *** [poisson_methods.o] Error 1

OPENMP DISPLAY ENVIRONMENT BEGIN
  _OPENMP = '201511'
  OMP_DYNAMIC = 'FALSE'
  OMP_NESTED = 'FALSE'
  OMP_NUM_THREADS = '16'
  OMP_SCHEDULE = 'DYNAMIC'
  OMP_PROC_BIND = 'TRUE'
  OMP_PLACES = '{0},{1},{2},{3},{4},{5},{6},{7},{8},{9},{10},{11},{12},{13},{14},{15},{16},{17},{18},{19},{20},{21},{22},{23}'
  OMP_STACKSIZE = '0'
  OMP_WAIT_POLICY = 'PASSIVE'
  OMP_THREAD_LIMIT = '4294967295'
  OMP_MAX_ACTIVE_LEVELS = '2147483647'
  OMP_CANCELLATION = 'FALSE'
  OMP_DEFAULT_DEVICE = '0'
  OMP_MAX_TASK_PRIORITY = '0'
  OMP_DISPLAY_AFFINITY = 'FALSE'
  OMP_AFFINITY_FORMAT = 'level %L thread %i affinity %A'
  GOMP_CPU_AFFINITY = ''
  GOMP_STACKSIZE = '0'
  GOMP_SPINCOUNT = '300000'
OPENMP DISPLAY ENVIRONMENT END

OPENMP DISPLAY ENVIRONMENT BEGIN
  _OPENMP = '201511'
  OMP_DYNAMIC = 'FALSE'
  OMP_NESTED = 'FALSE'
  OMP_NUM_THREADS = '1'
  OMP_SCHEDULE = 'DYNAMIC'
  OMP_PROC_BIND = 'TRUE'
  OMP_PLACES = '{0},{1},{2},{3},{4},{5},{6},{7},{8},{9},{10},{11},{12},{13},{14},{15},{16},{17},{18},{19},{20},{21},{22},{23}'
  OMP_STACKSIZE = '0'
  OMP_WAIT_POLICY = 'PASSIVE'
  OMP_THREAD_LIMIT = '4294967295'
  OMP_MAX_ACTIVE_LEVELS = '2147483647'
  OMP_CANCELLATION = 'FALSE'
  OMP_DEFAULT_DEVICE = '0'
  OMP_MAX_TASK_PRIORITY = '0'
  OMP_DISPLAY_AFFINITY = 'FALSE'
  OMP_AFFINITY_FORMAT = 'level %L thread %i affinity %A'
  GOMP_CPU_AFFINITY = ''
  GOMP_STACKSIZE = '0'
  GOMP_SPINCOUNT = '300000'
OPENMP DISPLAY ENVIRONMENT END

OPENMP DISPLAY ENVIRONMENT BEGIN
  _OPENMP = '201511'
  OMP_DYNAMIC = 'FALSE'
  OMP_NESTED = 'FALSE'
  OMP_NUM_THREADS = '1'
  OMP_SCHEDULE = 'DYNAMIC'
  OMP_PROC_BIND = 'TRUE'
  OMP_PLACES = '{0},{1},{2},{3},{4},{5},{6},{7},{8},{9},{10},{11},{12},{13},{14},{15},{16},{17},{18},{19},{20},{21},{22},{23}'
  OMP_STACKSIZE = '0'
  OMP_WAIT_POLICY = 'PASSIVE'
  OMP_THREAD_LIMIT = '4294967295'
  OMP_MAX_ACTIVE_LEVELS = '2147483647'
  OMP_CANCELLATION = 'FALSE'
  OMP_DEFAULT_DEVICE = '0'
  OMP_MAX_TASK_PRIORITY = '0'
  OMP_DISPLAY_AFFINITY = 'FALSE'
  OMP_AFFINITY_FORMAT = 'level %L thread %i affinity %A'
  GOMP_CPU_AFFINITY = ''
  GOMP_STACKSIZE = '0'
  GOMP_SPINCOUNT = '300000'
OPENMP DISPLAY ENVIRONMENT END

OPENMP DISPLAY ENVIRONMENT BEGIN
  _OPENMP = '201511'
  OMP_DYNAMIC = 'FALSE'
  OMP_NESTED = 'FALSE'
  OMP_NUM_THREADS = '1'
  OMP_SCHEDULE = 'DYNAMIC'
  OMP_PROC_BIND = 'TRUE'
  OMP_PLACES = '{0},{1},{2},{3},{4},{5},{6},{7},{8},{9},{10},{11},{12},{13},{14},{15},{16},{17},{18},{19},{20},{21},{22},{23}'
  OMP_STACKSIZE = '0'
  OMP_WAIT_POLICY = 'PASSIVE'
  OMP_THREAD_LIMIT = '4294967295'
  OMP_MAX_ACTIVE_LEVELS = '2147483647'
  OMP_CANCELLATION = 'FALSE'
  OMP_DEFAULT_DEVICE = '0'
  OMP_MAX_TASK_PRIORITY = '0'
  OMP_DISPLAY_AFFINITY = 'FALSE'
  OMP_AFFINITY_FORMAT = 'level %L thread %i affinity %A'
  GOMP_CPU_AFFINITY = ''
  GOMP_STACKSIZE = '0'
  GOMP_SPINCOUNT = '300000'
OPENMP DISPLAY ENVIRONMENT END

OPENMP DISPLAY ENVIRONMENT BEGIN
  _OPENMP = '201511'
  OMP_DYNAMIC = 'FALSE'
  OMP_NESTED = 'FALSE'
  OMP_NUM_THREADS = '1'
  OMP_SCHEDULE = 'DYNAMIC'
  OMP_PROC_BIND = 'TRUE'
  OMP_PLACES = '{0},{1},{2},{3},{4},{5},{6},{7},{8},{9},{10},{11},{12},{13},{14},{15},{16},{17},{18},{19},{20},{21},{22},{23}'
  OMP_STACKSIZE = '0'
  OMP_WAIT_POLICY = 'PASSIVE'
  OMP_THREAD_LIMIT = '4294967295'
  OMP_MAX_ACTIVE_LEVELS = '2147483647'
  OMP_CANCELLATION = 'FALSE'
  OMP_DEFAULT_DEVICE = '0'
  OMP_MAX_TASK_PRIORITY = '0'
  OMP_DISPLAY_AFFINITY = 'FALSE'
  OMP_AFFINITY_FORMAT = 'level %L thread %i affinity %A'
  GOMP_CPU_AFFINITY = ''
  GOMP_STACKSIZE = '0'
  GOMP_SPINCOUNT = '300000'
OPENMP DISPLAY ENVIRONMENT END

OPENMP DISPLAY ENVIRONMENT BEGIN
  _OPENMP = '201511'
  OMP_DYNAMIC = 'FALSE'
  OMP_NESTED = 'FALSE'
  OMP_NUM_THREADS = '1'
  OMP_SCHEDULE = 'DYNAMIC'
  OMP_PROC_BIND = 'TRUE'
  OMP_PLACES = '{0},{1},{2},{3},{4},{5},{6},{7},{8},{9},{10},{11},{12},{13},{14},{15},{16},{17},{18},{19},{20},{21},{22},{23}'
  OMP_STACKSIZE = '0'
  OMP_WAIT_POLICY = 'PASSIVE'
  OMP_THREAD_LIMIT = '4294967295'
  OMP_MAX_ACTIVE_LEVELS = '2147483647'
  OMP_CANCELLATION = 'FALSE'
  OMP_DEFAULT_DEVICE = '0'
  OMP_MAX_TASK_PRIORITY = '0'
  OMP_DISPLAY_AFFINITY = 'FALSE'
  OMP_AFFINITY_FORMAT = 'level %L thread %i affinity %A'
  GOMP_CPU_AFFINITY = ''
  GOMP_STACKSIZE = '0'
  GOMP_SPINCOUNT = '300000'
OPENMP DISPLAY ENVIRONMENT END

OPENMP DISPLAY ENVIRONMENT BEGIN
  _OPENMP = '201511'
  OMP_DYNAMIC = 'FALSE'
  OMP_NESTED = 'FALSE'
  OMP_NUM_THREADS = '2'
  OMP_SCHEDULE = 'DYNAMIC'
  OMP_PROC_BIND = 'TRUE'
  OMP_PLACES = '{0},{1},{2},{3},{4},{5},{6},{7},{8},{9},{10},{11},{12},{13},{14},{15},{16},{17},{18},{19},{20},{21},{22},{23}'
  OMP_STACKSIZE = '0'
  OMP_WAIT_POLICY = 'PASSIVE'
  OMP_THREAD_LIMIT = '4294967295'
  OMP_MAX_ACTIVE_LEVELS = '2147483647'
  OMP_CANCELLATION = 'FALSE'
  OMP_DEFAULT_DEVICE = '0'
  OMP_MAX_TASK_PRIORITY = '0'
  OMP_DISPLAY_AFFINITY = 'FALSE'
  OMP_AFFINITY_FORMAT = 'level %L thread %i affinity %A'
  GOMP_CPU_AFFINITY = ''
  GOMP_STACKSIZE = '0'
  GOMP_SPINCOUNT = '300000'
OPENMP DISPLAY ENVIRONMENT END

OPENMP DISPLAY ENVIRONMENT BEGIN
  _OPENMP = '201511'
  OMP_DYNAMIC = 'FALSE'
  OMP_NESTED = 'FALSE'
  OMP_NUM_THREADS = '2'
  OMP_SCHEDULE = 'DYNAMIC'
  OMP_PROC_BIND = 'TRUE'
  OMP_PLACES = '{0},{1},{2},{3},{4},{5},{6},{7},{8},{9},{10},{11},{12},{13},{14},{15},{16},{17},{18},{19},{20},{21},{22},{23}'
  OMP_STACKSIZE = '0'
  OMP_WAIT_POLICY = 'PASSIVE'
  OMP_THREAD_LIMIT = '4294967295'
  OMP_MAX_ACTIVE_LEVELS = '2147483647'
  OMP_CANCELLATION = 'FALSE'
  OMP_DEFAULT_DEVICE = '0'
  OMP_MAX_TASK_PRIORITY = '0'
  OMP_DISPLAY_AFFINITY = 'FALSE'
  OMP_AFFINITY_FORMAT = 'level %L thread %i affinity %A'
  GOMP_CPU_AFFINITY = ''
  GOMP_STACKSIZE = '0'
  GOMP_SPINCOUNT = '300000'
OPENMP DISPLAY ENVIRONMENT END

OPENMP DISPLAY ENVIRONMENT BEGIN
  _OPENMP = '201511'
  OMP_DYNAMIC = 'FALSE'
  OMP_NESTED = 'FALSE'
  OMP_NUM_THREADS = '2'
  OMP_SCHEDULE = 'DYNAMIC'
  OMP_PROC_BIND = 'TRUE'
  OMP_PLACES = '{0},{1},{2},{3},{4},{5},{6},{7},{8},{9},{10},{11},{12},{13},{14},{15},{16},{17},{18},{19},{20},{21},{22},{23}'
  OMP_STACKSIZE = '0'
  OMP_WAIT_POLICY = 'PASSIVE'
  OMP_THREAD_LIMIT = '4294967295'
  OMP_MAX_ACTIVE_LEVELS = '2147483647'
  OMP_CANCELLATION = 'FALSE'
  OMP_DEFAULT_DEVICE = '0'
  OMP_MAX_TASK_PRIORITY = '0'
  OMP_DISPLAY_AFFINITY = 'FALSE'
  OMP_AFFINITY_FORMAT = 'level %L thread %i affinity %A'
  GOMP_CPU_AFFINITY = ''
  GOMP_STACKSIZE = '0'
  GOMP_SPINCOUNT = '300000'
OPENMP DISPLAY ENVIRONMENT END

OPENMP DISPLAY ENVIRONMENT BEGIN
  _OPENMP = '201511'
  OMP_DYNAMIC = 'FALSE'
  OMP_NESTED = 'FALSE'
  OMP_NUM_THREADS = '2'
  OMP_SCHEDULE = 'DYNAMIC'
  OMP_PROC_BIND = 'TRUE'
  OMP_PLACES = '{0},{1},{2},{3},{4},{5},{6},{7},{8},{9},{10},{11},{12},{13},{14},{15},{16},{17},{18},{19},{20},{21},{22},{23}'
  OMP_STACKSIZE = '0'
  OMP_WAIT_POLICY = 'PASSIVE'
  OMP_THREAD_LIMIT = '4294967295'
  OMP_MAX_ACTIVE_LEVELS = '2147483647'
  OMP_CANCELLATION = 'FALSE'
  OMP_DEFAULT_DEVICE = '0'
  OMP_MAX_TASK_PRIORITY = '0'
  OMP_DISPLAY_AFFINITY = 'FALSE'
  OMP_AFFINITY_FORMAT = 'level %L thread %i affinity %A'
  GOMP_CPU_AFFINITY = ''
  GOMP_STACKSIZE = '0'
  GOMP_SPINCOUNT = '300000'
OPENMP DISPLAY ENVIRONMENT END

OPENMP DISPLAY ENVIRONMENT BEGIN
  _OPENMP = '201511'
  OMP_DYNAMIC = 'FALSE'
  OMP_NESTED = 'FALSE'
  OMP_NUM_THREADS = '2'
  OMP_SCHEDULE = 'DYNAMIC'
  OMP_PROC_BIND = 'TRUE'
  OMP_PLACES = '{0},{1},{2},{3},{4},{5},{6},{7},{8},{9},{10},{11},{12},{13},{14},{15},{16},{17},{18},{19},{20},{21},{22},{23}'
  OMP_STACKSIZE = '0'
  OMP_WAIT_POLICY = 'PASSIVE'
  OMP_THREAD_LIMIT = '4294967295'
  OMP_MAX_ACTIVE_LEVELS = '2147483647'
  OMP_CANCELLATION = 'FALSE'
  OMP_DEFAULT_DEVICE = '0'
  OMP_MAX_TASK_PRIORITY = '0'
  OMP_DISPLAY_AFFINITY = 'FALSE'
  OMP_AFFINITY_FORMAT = 'level %L thread %i affinity %A'
  GOMP_CPU_AFFINITY = ''
  GOMP_STACKSIZE = '0'
  GOMP_SPINCOUNT = '300000'
OPENMP DISPLAY ENVIRONMENT END
